2023-03-23 10:45:38.772  INFO 16288 --- [restartedMain] com.shopme.ShopmeBackendApplication      : Starting ShopmeBackendApplication using Java 11.0.14 on DESKTOP-P2FANG7 with PID 16288 (C:\Users\Admin\Documents\Shopme-Ecommerce\EShop\EStoreWebParent\EStoreB2B\target\classes started by Admin in C:\Users\Admin\Documents\Shopme-Ecommerce\EShop)
2023-03-23 10:45:38.774  INFO 16288 --- [restartedMain] com.shopme.ShopmeBackendApplication      : No active profile set, falling back to default profiles: default
2023-03-23 10:45:38.805  INFO 16288 --- [restartedMain] .e.DevToolsPropertyDefaultsPostProcessor : Devtools property defaults active! Set 'spring.devtools.add-properties' to 'false' to disable
2023-03-23 10:45:38.805  INFO 16288 --- [restartedMain] .e.DevToolsPropertyDefaultsPostProcessor : For additional web related logging consider setting the 'logging.level.web' property to 'DEBUG'
2023-03-23 10:45:39.244  INFO 16288 --- [restartedMain] .s.d.r.c.RepositoryConfigurationDelegate : Bootstrapping Spring Data JPA repositories in DEFAULT mode.
2023-03-23 10:45:39.315  INFO 16288 --- [restartedMain] .s.d.r.c.RepositoryConfigurationDelegate : Finished Spring Data repository scanning in 65 ms. Found 13 JPA repository interfaces.
2023-03-23 10:45:39.628  INFO 16288 --- [restartedMain] o.s.b.w.embedded.tomcat.TomcatWebServer  : Tomcat initialized with port(s): 8080 (http)
2023-03-23 10:45:39.634  INFO 16288 --- [restartedMain] o.apache.catalina.core.StandardService   : Starting service [Tomcat]
2023-03-23 10:45:39.634  INFO 16288 --- [restartedMain] org.apache.catalina.core.StandardEngine  : Starting Servlet engine: [Apache Tomcat/9.0.41]
2023-03-23 10:45:39.683  INFO 16288 --- [restartedMain] o.a.c.c.C.[Tomcat].[localhost].[/admin]  : Initializing Spring embedded WebApplicationContext
2023-03-23 10:45:39.683  INFO 16288 --- [restartedMain] w.s.c.ServletWebServerApplicationContext : Root WebApplicationContext: initialization completed in 877 ms
2023-03-23 10:45:39.797  INFO 16288 --- [restartedMain] o.hibernate.jpa.internal.util.LogHelper  : HHH000204: Processing PersistenceUnitInfo [name: default]
2023-03-23 10:45:39.835  INFO 16288 --- [restartedMain] org.hibernate.Version                    : HHH000412: Hibernate ORM core version 5.4.25.Final
2023-03-23 10:45:39.942  INFO 16288 --- [restartedMain] o.hibernate.annotations.common.Version   : HCANN000001: Hibernate Commons Annotations {5.1.2.Final}
2023-03-23 10:45:40.014  INFO 16288 --- [restartedMain] com.zaxxer.hikari.HikariDataSource       : HikariPool-1 - Starting...
2023-03-23 10:45:40.288  INFO 16288 --- [restartedMain] com.zaxxer.hikari.HikariDataSource       : HikariPool-1 - Start completed.
2023-03-23 10:45:40.298  INFO 16288 --- [restartedMain] org.hibernate.dialect.Dialect            : HHH000400: Using dialect: org.hibernate.dialect.MySQL8Dialect
2023-03-23 10:45:41.027  INFO 16288 --- [restartedMain] o.h.e.t.j.p.i.JtaPlatformInitiator       : HHH000490: Using JtaPlatform implementation: [org.hibernate.engine.transaction.jta.platform.internal.NoJtaPlatform]
2023-03-23 10:45:41.034  INFO 16288 --- [restartedMain] j.LocalContainerEntityManagerFactoryBean : Initialized JPA EntityManagerFactory for persistence unit 'default'
2023-03-23 10:45:41.052  INFO 16288 --- [restartedMain] o.s.b.d.a.OptionalLiveReloadServer       : LiveReload server is running on port 35729
2023-03-23 10:45:41.510  INFO 16288 --- [restartedMain] o.s.s.web.DefaultSecurityFilterChain     : Will secure any request with [org.springframework.security.web.context.request.async.WebAsyncManagerIntegrationFilter@5219e89a, org.springframework.security.web.context.SecurityContextPersistenceFilter@6ea82ac7, org.springframework.security.web.header.HeaderWriterFilter@19ab5d0c, org.springframework.security.web.csrf.CsrfFilter@9d92f7d, org.springframework.security.web.authentication.logout.LogoutFilter@41349f3d, org.springframework.security.web.authentication.UsernamePasswordAuthenticationFilter@79329970, org.springframework.security.web.savedrequest.RequestCacheAwareFilter@c6d46d1, org.springframework.security.web.servletapi.SecurityContextHolderAwareRequestFilter@2f82e0ab, org.springframework.security.web.authentication.rememberme.RememberMeAuthenticationFilter@653e3d74, org.springframework.security.web.authentication.AnonymousAuthenticationFilter@26eb065f, org.springframework.security.web.session.SessionManagementFilter@1a6dd57f, org.springframework.security.web.access.ExceptionTranslationFilter@73e5e98a, org.springframework.security.web.access.intercept.FilterSecurityInterceptor@49250096]
2023-03-23 10:45:41.530  WARN 16288 --- [restartedMain] JpaBaseConfiguration$JpaWebConfiguration : spring.jpa.open-in-view is enabled by default. Therefore, database queries may be performed during view rendering. Explicitly configure spring.jpa.open-in-view to disable this warning
2023-03-23 10:45:41.584  INFO 16288 --- [restartedMain] o.s.s.concurrent.ThreadPoolTaskExecutor  : Initializing ExecutorService 'applicationTaskExecutor'
2023-03-23 10:45:41.630  INFO 16288 --- [restartedMain] o.s.b.a.w.s.WelcomePageHandlerMapping    : Adding welcome page template: index
2023-03-23 10:45:41.871  INFO 16288 --- [restartedMain] o.s.s.web.DefaultSecurityFilterChain     : Will secure Ant [pattern='/images/**'] with []
2023-03-23 10:45:41.871  INFO 16288 --- [restartedMain] o.s.s.web.DefaultSecurityFilterChain     : Will secure Ant [pattern='/js/**'] with []
2023-03-23 10:45:41.871  INFO 16288 --- [restartedMain] o.s.s.web.DefaultSecurityFilterChain     : Will secure Ant [pattern='/webjars/**'] with []
2023-03-23 10:45:41.871  INFO 16288 --- [restartedMain] o.s.s.web.DefaultSecurityFilterChain     : Will secure Ant [pattern='/styles/**'] with []
2023-03-23 10:45:41.871  INFO 16288 --- [restartedMain] o.s.s.web.DefaultSecurityFilterChain     : Will secure Ant [pattern='/error'] with []
2023-03-23 10:45:41.934  INFO 16288 --- [restartedMain] o.s.b.w.embedded.tomcat.TomcatWebServer  : Tomcat started on port(s): 8080 (http) with context path '/admin'
2023-03-23 10:45:41.940  INFO 16288 --- [restartedMain] com.shopme.ShopmeBackendApplication      : Started ShopmeBackendApplication in 3.423 seconds (JVM running for 4.045)
2023-03-23 10:45:50.411  INFO 16288 --- [http-nio-8080-exec-1] o.a.c.c.C.[Tomcat].[localhost].[/admin]  : Initializing Spring DispatcherServlet 'dispatcherServlet'
2023-03-23 10:45:50.412  INFO 16288 --- [http-nio-8080-exec-1] o.s.web.servlet.DispatcherServlet        : Initializing Servlet 'dispatcherServlet'
2023-03-23 10:45:50.412  INFO 16288 --- [http-nio-8080-exec-1] o.s.web.servlet.DispatcherServlet        : Completed initialization in 0 ms
2023-03-23 11:20:35.392  INFO 21552 --- [restartedMain] com.shopme.ShopmeBackendApplication      : Starting ShopmeBackendApplication using Java 11.0.14 on DESKTOP-P2FANG7 with PID 21552 (C:\Users\Admin\Documents\Shopme-Ecommerce\EShop\EStoreWebParent\EStoreB2B\target\classes started by Admin in C:\Users\Admin\Documents\Shopme-Ecommerce\EShop)
2023-03-23 11:20:35.394  INFO 21552 --- [restartedMain] com.shopme.ShopmeBackendApplication      : No active profile set, falling back to default profiles: default
2023-03-23 11:20:35.441  INFO 21552 --- [restartedMain] .e.DevToolsPropertyDefaultsPostProcessor : Devtools property defaults active! Set 'spring.devtools.add-properties' to 'false' to disable
2023-03-23 11:20:35.441  INFO 21552 --- [restartedMain] .e.DevToolsPropertyDefaultsPostProcessor : For additional web related logging consider setting the 'logging.level.web' property to 'DEBUG'
2023-03-23 11:20:35.877  INFO 21552 --- [restartedMain] .s.d.r.c.RepositoryConfigurationDelegate : Bootstrapping Spring Data JPA repositories in DEFAULT mode.
2023-03-23 11:20:35.943  INFO 21552 --- [restartedMain] .s.d.r.c.RepositoryConfigurationDelegate : Finished Spring Data repository scanning in 62 ms. Found 13 JPA repository interfaces.
2023-03-23 11:20:36.233  INFO 21552 --- [restartedMain] o.s.b.w.embedded.tomcat.TomcatWebServer  : Tomcat initialized with port(s): 8080 (http)
2023-03-23 11:20:36.238  INFO 21552 --- [restartedMain] o.apache.catalina.core.StandardService   : Starting service [Tomcat]
2023-03-23 11:20:36.238  INFO 21552 --- [restartedMain] org.apache.catalina.core.StandardEngine  : Starting Servlet engine: [Apache Tomcat/9.0.41]
2023-03-23 11:20:36.281  INFO 21552 --- [restartedMain] o.a.c.c.C.[Tomcat].[localhost].[/admin]  : Initializing Spring embedded WebApplicationContext
2023-03-23 11:20:36.281  INFO 21552 --- [restartedMain] w.s.c.ServletWebServerApplicationContext : Root WebApplicationContext: initialization completed in 839 ms
2023-03-23 11:20:36.387  INFO 21552 --- [restartedMain] o.hibernate.jpa.internal.util.LogHelper  : HHH000204: Processing PersistenceUnitInfo [name: default]
2023-03-23 11:20:36.412  INFO 21552 --- [restartedMain] org.hibernate.Version                    : HHH000412: Hibernate ORM core version 5.4.25.Final
2023-03-23 11:20:36.485  INFO 21552 --- [restartedMain] o.hibernate.annotations.common.Version   : HCANN000001: Hibernate Commons Annotations {5.1.2.Final}
2023-03-23 11:20:36.539  INFO 21552 --- [restartedMain] com.zaxxer.hikari.HikariDataSource       : HikariPool-1 - Starting...
2023-03-23 11:20:36.689  INFO 21552 --- [restartedMain] com.zaxxer.hikari.HikariDataSource       : HikariPool-1 - Start completed.
2023-03-23 11:20:36.697  INFO 21552 --- [restartedMain] org.hibernate.dialect.Dialect            : HHH000400: Using dialect: org.hibernate.dialect.MySQL8Dialect
2023-03-23 11:20:37.309  INFO 21552 --- [restartedMain] o.h.e.t.j.p.i.JtaPlatformInitiator       : HHH000490: Using JtaPlatform implementation: [org.hibernate.engine.transaction.jta.platform.internal.NoJtaPlatform]
2023-03-23 11:20:37.315  INFO 21552 --- [restartedMain] j.LocalContainerEntityManagerFactoryBean : Initialized JPA EntityManagerFactory for persistence unit 'default'
2023-03-23 11:20:37.333  INFO 21552 --- [restartedMain] o.s.b.d.a.OptionalLiveReloadServer       : LiveReload server is running on port 35729
2023-03-23 11:20:37.774  INFO 21552 --- [restartedMain] o.s.s.web.DefaultSecurityFilterChain     : Will secure any request with [org.springframework.security.web.context.request.async.WebAsyncManagerIntegrationFilter@6b1090ab, org.springframework.security.web.context.SecurityContextPersistenceFilter@1de390fd, org.springframework.security.web.header.HeaderWriterFilter@38358ff3, org.springframework.security.web.csrf.CsrfFilter@69c9c27e, org.springframework.security.web.authentication.logout.LogoutFilter@5627b574, org.springframework.security.web.authentication.UsernamePasswordAuthenticationFilter@43055669, org.springframework.security.web.savedrequest.RequestCacheAwareFilter@6d6172a6, org.springframework.security.web.servletapi.SecurityContextHolderAwareRequestFilter@2fac9302, org.springframework.security.web.authentication.rememberme.RememberMeAuthenticationFilter@6cc4e78d, org.springframework.security.web.authentication.AnonymousAuthenticationFilter@6920c01f, org.springframework.security.web.session.SessionManagementFilter@2072e0fe, org.springframework.security.web.access.ExceptionTranslationFilter@38f76a63, org.springframework.security.web.access.intercept.FilterSecurityInterceptor@6aac6b62]
2023-03-23 11:20:37.795  WARN 21552 --- [restartedMain] JpaBaseConfiguration$JpaWebConfiguration : spring.jpa.open-in-view is enabled by default. Therefore, database queries may be performed during view rendering. Explicitly configure spring.jpa.open-in-view to disable this warning
2023-03-23 11:20:37.852  INFO 21552 --- [restartedMain] o.s.s.concurrent.ThreadPoolTaskExecutor  : Initializing ExecutorService 'applicationTaskExecutor'
2023-03-23 11:20:37.896  INFO 21552 --- [restartedMain] o.s.b.a.w.s.WelcomePageHandlerMapping    : Adding welcome page template: index
2023-03-23 11:20:38.090  INFO 21552 --- [restartedMain] o.s.s.web.DefaultSecurityFilterChain     : Will secure Ant [pattern='/images/**'] with []
2023-03-23 11:20:38.090  INFO 21552 --- [restartedMain] o.s.s.web.DefaultSecurityFilterChain     : Will secure Ant [pattern='/js/**'] with []
2023-03-23 11:20:38.090  INFO 21552 --- [restartedMain] o.s.s.web.DefaultSecurityFilterChain     : Will secure Ant [pattern='/webjars/**'] with []
2023-03-23 11:20:38.090  INFO 21552 --- [restartedMain] o.s.s.web.DefaultSecurityFilterChain     : Will secure Ant [pattern='/styles/**'] with []
2023-03-23 11:20:38.090  INFO 21552 --- [restartedMain] o.s.s.web.DefaultSecurityFilterChain     : Will secure Ant [pattern='/error'] with []
2023-03-23 11:20:38.145  INFO 21552 --- [restartedMain] o.s.b.w.embedded.tomcat.TomcatWebServer  : Tomcat started on port(s): 8080 (http) with context path '/admin'
2023-03-23 11:20:38.151  INFO 21552 --- [restartedMain] com.shopme.ShopmeBackendApplication      : Started ShopmeBackendApplication in 3.046 seconds (JVM running for 3.549)
2023-03-23 11:20:38.672  INFO 21552 --- [http-nio-8080-exec-1] o.a.c.c.C.[Tomcat].[localhost].[/admin]  : Initializing Spring DispatcherServlet 'dispatcherServlet'
2023-03-23 11:20:38.673  INFO 21552 --- [http-nio-8080-exec-1] o.s.web.servlet.DispatcherServlet        : Initializing Servlet 'dispatcherServlet'
2023-03-23 11:20:38.674  INFO 21552 --- [http-nio-8080-exec-1] o.s.web.servlet.DispatcherServlet        : Completed initialization in 1 ms
2023-03-23 11:20:38.820  WARN 21552 --- [http-nio-8080-exec-1] o.a.c.util.SessionIdGeneratorBase        : Creation of SecureRandom instance for session ID generation using [SHA1PRNG] took [115] milliseconds.
2023-03-23 11:25:36.092  INFO 5496 --- [restartedMain] com.shopme.ShopmeBackendApplication      : Starting ShopmeBackendApplication using Java 11.0.14 on DESKTOP-P2FANG7 with PID 5496 (C:\Users\Admin\Documents\Shopme-Ecommerce\EShop\EStoreWebParent\EStoreB2B\target\classes started by Admin in C:\Users\Admin\Documents\Shopme-Ecommerce\EShop)
2023-03-23 11:25:36.095  INFO 5496 --- [restartedMain] com.shopme.ShopmeBackendApplication      : No active profile set, falling back to default profiles: default
2023-03-23 11:25:36.126  INFO 5496 --- [restartedMain] .e.DevToolsPropertyDefaultsPostProcessor : Devtools property defaults active! Set 'spring.devtools.add-properties' to 'false' to disable
2023-03-23 11:25:36.126  INFO 5496 --- [restartedMain] .e.DevToolsPropertyDefaultsPostProcessor : For additional web related logging consider setting the 'logging.level.web' property to 'DEBUG'
2023-03-23 11:25:36.534  INFO 5496 --- [restartedMain] .s.d.r.c.RepositoryConfigurationDelegate : Bootstrapping Spring Data JPA repositories in DEFAULT mode.
2023-03-23 11:25:36.594  INFO 5496 --- [restartedMain] .s.d.r.c.RepositoryConfigurationDelegate : Finished Spring Data repository scanning in 55 ms. Found 13 JPA repository interfaces.
2023-03-23 11:25:36.875  INFO 5496 --- [restartedMain] o.s.b.w.embedded.tomcat.TomcatWebServer  : Tomcat initialized with port(s): 8080 (http)
2023-03-23 11:25:36.880  INFO 5496 --- [restartedMain] o.apache.catalina.core.StandardService   : Starting service [Tomcat]
2023-03-23 11:25:36.880  INFO 5496 --- [restartedMain] org.apache.catalina.core.StandardEngine  : Starting Servlet engine: [Apache Tomcat/9.0.41]
2023-03-23 11:25:36.924  INFO 5496 --- [restartedMain] o.a.c.c.C.[Tomcat].[localhost].[/admin]  : Initializing Spring embedded WebApplicationContext
2023-03-23 11:25:36.924  INFO 5496 --- [restartedMain] w.s.c.ServletWebServerApplicationContext : Root WebApplicationContext: initialization completed in 798 ms
2023-03-23 11:25:37.044  INFO 5496 --- [restartedMain] o.hibernate.jpa.internal.util.LogHelper  : HHH000204: Processing PersistenceUnitInfo [name: default]
2023-03-23 11:25:37.075  INFO 5496 --- [restartedMain] org.hibernate.Version                    : HHH000412: Hibernate ORM core version 5.4.25.Final
2023-03-23 11:25:37.147  INFO 5496 --- [restartedMain] o.hibernate.annotations.common.Version   : HCANN000001: Hibernate Commons Annotations {5.1.2.Final}
2023-03-23 11:25:37.205  INFO 5496 --- [restartedMain] com.zaxxer.hikari.HikariDataSource       : HikariPool-1 - Starting...
2023-03-23 11:25:37.365  INFO 5496 --- [restartedMain] com.zaxxer.hikari.HikariDataSource       : HikariPool-1 - Start completed.
2023-03-23 11:25:37.373  INFO 5496 --- [restartedMain] org.hibernate.dialect.Dialect            : HHH000400: Using dialect: org.hibernate.dialect.MySQL8Dialect
2023-03-23 11:25:38.007  INFO 5496 --- [restartedMain] o.h.e.t.j.p.i.JtaPlatformInitiator       : HHH000490: Using JtaPlatform implementation: [org.hibernate.engine.transaction.jta.platform.internal.NoJtaPlatform]
2023-03-23 11:25:38.013  INFO 5496 --- [restartedMain] j.LocalContainerEntityManagerFactoryBean : Initialized JPA EntityManagerFactory for persistence unit 'default'
2023-03-23 11:25:38.031  INFO 5496 --- [restartedMain] o.s.b.d.a.OptionalLiveReloadServer       : LiveReload server is running on port 35729
2023-03-23 11:25:38.520  INFO 5496 --- [restartedMain] o.s.s.web.DefaultSecurityFilterChain     : Will secure any request with [org.springframework.security.web.context.request.async.WebAsyncManagerIntegrationFilter@2394fd99, org.springframework.security.web.context.SecurityContextPersistenceFilter@3d1768, org.springframework.security.web.header.HeaderWriterFilter@16ead5a6, org.springframework.security.web.csrf.CsrfFilter@47f9c30f, org.springframework.security.web.authentication.logout.LogoutFilter@1948f464, org.springframework.security.web.authentication.UsernamePasswordAuthenticationFilter@6a9d3cbd, org.springframework.security.web.savedrequest.RequestCacheAwareFilter@6e9ae1fb, org.springframework.security.web.servletapi.SecurityContextHolderAwareRequestFilter@e4e28a5, org.springframework.security.web.authentication.rememberme.RememberMeAuthenticationFilter@152842a4, org.springframework.security.web.authentication.AnonymousAuthenticationFilter@370c5089, org.springframework.security.web.session.SessionManagementFilter@5fe321d4, org.springframework.security.web.access.ExceptionTranslationFilter@7d926359, org.springframework.security.web.access.intercept.FilterSecurityInterceptor@2882c566]
2023-03-23 11:25:38.540  WARN 5496 --- [restartedMain] JpaBaseConfiguration$JpaWebConfiguration : spring.jpa.open-in-view is enabled by default. Therefore, database queries may be performed during view rendering. Explicitly configure spring.jpa.open-in-view to disable this warning
2023-03-23 11:25:38.595  INFO 5496 --- [restartedMain] o.s.s.concurrent.ThreadPoolTaskExecutor  : Initializing ExecutorService 'applicationTaskExecutor'
2023-03-23 11:25:38.637  INFO 5496 --- [restartedMain] o.s.b.a.w.s.WelcomePageHandlerMapping    : Adding welcome page template: index
2023-03-23 11:25:38.845  INFO 5496 --- [restartedMain] o.s.s.web.DefaultSecurityFilterChain     : Will secure Ant [pattern='/images/**'] with []
2023-03-23 11:25:38.845  INFO 5496 --- [restartedMain] o.s.s.web.DefaultSecurityFilterChain     : Will secure Ant [pattern='/js/**'] with []
2023-03-23 11:25:38.845  INFO 5496 --- [restartedMain] o.s.s.web.DefaultSecurityFilterChain     : Will secure Ant [pattern='/webjars/**'] with []
2023-03-23 11:25:38.845  INFO 5496 --- [restartedMain] o.s.s.web.DefaultSecurityFilterChain     : Will secure Ant [pattern='/styles/**'] with []
2023-03-23 11:25:38.845  INFO 5496 --- [restartedMain] o.s.s.web.DefaultSecurityFilterChain     : Will secure Ant [pattern='/error'] with []
2023-03-23 11:25:38.899  INFO 5496 --- [restartedMain] o.s.b.w.embedded.tomcat.TomcatWebServer  : Tomcat started on port(s): 8080 (http) with context path '/admin'
2023-03-23 11:25:38.905  INFO 5496 --- [restartedMain] com.shopme.ShopmeBackendApplication      : Started ShopmeBackendApplication in 3.086 seconds (JVM running for 3.581)
2023-03-23 11:25:44.847  INFO 5496 --- [http-nio-8080-exec-1] o.a.c.c.C.[Tomcat].[localhost].[/admin]  : Initializing Spring DispatcherServlet 'dispatcherServlet'
2023-03-23 11:25:44.848  INFO 5496 --- [http-nio-8080-exec-1] o.s.web.servlet.DispatcherServlet        : Initializing Servlet 'dispatcherServlet'
2023-03-23 11:25:44.849  INFO 5496 --- [http-nio-8080-exec-1] o.s.web.servlet.DispatcherServlet        : Completed initialization in 1 ms
2023-03-23 11:27:09.335  INFO 11460 --- [restartedMain] com.shopme.ShopmeBackendApplication      : Starting ShopmeBackendApplication using Java 11.0.14 on DESKTOP-P2FANG7 with PID 11460 (C:\Users\Admin\Documents\Shopme-Ecommerce\EShop\EStoreWebParent\EStoreB2B\target\classes started by Admin in C:\Users\Admin\Documents\Shopme-Ecommerce\EShop)
2023-03-23 11:27:09.336  INFO 11460 --- [restartedMain] com.shopme.ShopmeBackendApplication      : No active profile set, falling back to default profiles: default
2023-03-23 11:27:09.369  INFO 11460 --- [restartedMain] .e.DevToolsPropertyDefaultsPostProcessor : Devtools property defaults active! Set 'spring.devtools.add-properties' to 'false' to disable
2023-03-23 11:27:09.369  INFO 11460 --- [restartedMain] .e.DevToolsPropertyDefaultsPostProcessor : For additional web related logging consider setting the 'logging.level.web' property to 'DEBUG'
2023-03-23 11:27:09.732  INFO 11460 --- [restartedMain] .s.d.r.c.RepositoryConfigurationDelegate : Bootstrapping Spring Data JPA repositories in DEFAULT mode.
2023-03-23 11:27:09.792  INFO 11460 --- [restartedMain] .s.d.r.c.RepositoryConfigurationDelegate : Finished Spring Data repository scanning in 55 ms. Found 13 JPA repository interfaces.
2023-03-23 11:27:10.059  INFO 11460 --- [restartedMain] o.s.b.w.embedded.tomcat.TomcatWebServer  : Tomcat initialized with port(s): 8080 (http)
2023-03-23 11:27:10.064  INFO 11460 --- [restartedMain] o.apache.catalina.core.StandardService   : Starting service [Tomcat]
2023-03-23 11:27:10.064  INFO 11460 --- [restartedMain] org.apache.catalina.core.StandardEngine  : Starting Servlet engine: [Apache Tomcat/9.0.41]
2023-03-23 11:27:10.108  INFO 11460 --- [restartedMain] o.a.c.c.C.[Tomcat].[localhost].[/admin]  : Initializing Spring embedded WebApplicationContext
2023-03-23 11:27:10.108  INFO 11460 --- [restartedMain] w.s.c.ServletWebServerApplicationContext : Root WebApplicationContext: initialization completed in 738 ms
2023-03-23 11:27:10.216  INFO 11460 --- [restartedMain] o.hibernate.jpa.internal.util.LogHelper  : HHH000204: Processing PersistenceUnitInfo [name: default]
2023-03-23 11:27:10.241  INFO 11460 --- [restartedMain] org.hibernate.Version                    : HHH000412: Hibernate ORM core version 5.4.25.Final
2023-03-23 11:27:10.303  INFO 11460 --- [restartedMain] o.hibernate.annotations.common.Version   : HCANN000001: Hibernate Commons Annotations {5.1.2.Final}
2023-03-23 11:27:10.358  INFO 11460 --- [restartedMain] com.zaxxer.hikari.HikariDataSource       : HikariPool-1 - Starting...
2023-03-23 11:27:10.510  INFO 11460 --- [restartedMain] com.zaxxer.hikari.HikariDataSource       : HikariPool-1 - Start completed.
2023-03-23 11:27:10.518  INFO 11460 --- [restartedMain] org.hibernate.dialect.Dialect            : HHH000400: Using dialect: org.hibernate.dialect.MySQL8Dialect
2023-03-23 11:27:11.146  INFO 11460 --- [restartedMain] o.h.e.t.j.p.i.JtaPlatformInitiator       : HHH000490: Using JtaPlatform implementation: [org.hibernate.engine.transaction.jta.platform.internal.NoJtaPlatform]
2023-03-23 11:27:11.152  INFO 11460 --- [restartedMain] j.LocalContainerEntityManagerFactoryBean : Initialized JPA EntityManagerFactory for persistence unit 'default'
2023-03-23 11:27:11.179  INFO 11460 --- [restartedMain] o.s.b.d.a.OptionalLiveReloadServer       : LiveReload server is running on port 35729
2023-03-23 11:27:11.649  INFO 11460 --- [restartedMain] o.s.s.web.DefaultSecurityFilterChain     : Will secure any request with [org.springframework.security.web.context.request.async.WebAsyncManagerIntegrationFilter@4129c765, org.springframework.security.web.context.SecurityContextPersistenceFilter@e216dab, org.springframework.security.web.header.HeaderWriterFilter@396e0280, org.springframework.security.web.csrf.CsrfFilter@11d53fd2, org.springframework.security.web.authentication.logout.LogoutFilter@3b25b004, org.springframework.security.web.authentication.UsernamePasswordAuthenticationFilter@3f86a399, org.springframework.security.web.savedrequest.RequestCacheAwareFilter@3f562c35, org.springframework.security.web.servletapi.SecurityContextHolderAwareRequestFilter@4aa492c7, org.springframework.security.web.authentication.rememberme.RememberMeAuthenticationFilter@3e2e8380, org.springframework.security.web.authentication.AnonymousAuthenticationFilter@721e7f49, org.springframework.security.web.session.SessionManagementFilter@5d6bbdfb, org.springframework.security.web.access.ExceptionTranslationFilter@7d9ab7be, org.springframework.security.web.access.intercept.FilterSecurityInterceptor@30cc77f7]
2023-03-23 11:27:11.670  WARN 11460 --- [restartedMain] JpaBaseConfiguration$JpaWebConfiguration : spring.jpa.open-in-view is enabled by default. Therefore, database queries may be performed during view rendering. Explicitly configure spring.jpa.open-in-view to disable this warning
2023-03-23 11:27:11.726  INFO 11460 --- [restartedMain] o.s.s.concurrent.ThreadPoolTaskExecutor  : Initializing ExecutorService 'applicationTaskExecutor'
2023-03-23 11:27:11.770  INFO 11460 --- [restartedMain] o.s.b.a.w.s.WelcomePageHandlerMapping    : Adding welcome page template: index
2023-03-23 11:27:11.960  INFO 11460 --- [restartedMain] o.s.s.web.DefaultSecurityFilterChain     : Will secure Ant [pattern='/images/**'] with []
2023-03-23 11:27:11.960  INFO 11460 --- [restartedMain] o.s.s.web.DefaultSecurityFilterChain     : Will secure Ant [pattern='/js/**'] with []
2023-03-23 11:27:11.960  INFO 11460 --- [restartedMain] o.s.s.web.DefaultSecurityFilterChain     : Will secure Ant [pattern='/webjars/**'] with []
2023-03-23 11:27:11.960  INFO 11460 --- [restartedMain] o.s.s.web.DefaultSecurityFilterChain     : Will secure Ant [pattern='/styles/**'] with []
2023-03-23 11:27:11.960  INFO 11460 --- [restartedMain] o.s.s.web.DefaultSecurityFilterChain     : Will secure Ant [pattern='/error'] with []
2023-03-23 11:27:12.016  INFO 11460 --- [restartedMain] o.s.b.w.embedded.tomcat.TomcatWebServer  : Tomcat started on port(s): 8080 (http) with context path '/admin'
2023-03-23 11:27:12.022  INFO 11460 --- [restartedMain] com.shopme.ShopmeBackendApplication      : Started ShopmeBackendApplication in 2.902 seconds (JVM running for 3.395)
2023-03-23 11:27:13.954  INFO 11460 --- [http-nio-8080-exec-1] o.a.c.c.C.[Tomcat].[localhost].[/admin]  : Initializing Spring DispatcherServlet 'dispatcherServlet'
2023-03-23 11:27:13.955  INFO 11460 --- [http-nio-8080-exec-1] o.s.web.servlet.DispatcherServlet        : Initializing Servlet 'dispatcherServlet'
2023-03-23 11:27:13.956  INFO 11460 --- [http-nio-8080-exec-1] o.s.web.servlet.DispatcherServlet        : Completed initialization in 1 ms
2023-03-23 11:28:12.766  INFO 2724 --- [restartedMain] com.shopme.ShopmeBackendApplication      : Starting ShopmeBackendApplication using Java 11.0.14 on DESKTOP-P2FANG7 with PID 2724 (C:\Users\Admin\Documents\Shopme-Ecommerce\EShop\EStoreWebParent\EStoreB2B\target\classes started by Admin in C:\Users\Admin\Documents\Shopme-Ecommerce\EShop)
2023-03-23 11:28:12.769  INFO 2724 --- [restartedMain] com.shopme.ShopmeBackendApplication      : No active profile set, falling back to default profiles: default
2023-03-23 11:28:12.802  INFO 2724 --- [restartedMain] .e.DevToolsPropertyDefaultsPostProcessor : Devtools property defaults active! Set 'spring.devtools.add-properties' to 'false' to disable
2023-03-23 11:28:12.803  INFO 2724 --- [restartedMain] .e.DevToolsPropertyDefaultsPostProcessor : For additional web related logging consider setting the 'logging.level.web' property to 'DEBUG'
2023-03-23 11:28:13.188  INFO 2724 --- [restartedMain] .s.d.r.c.RepositoryConfigurationDelegate : Bootstrapping Spring Data JPA repositories in DEFAULT mode.
2023-03-23 11:28:13.253  INFO 2724 --- [restartedMain] .s.d.r.c.RepositoryConfigurationDelegate : Finished Spring Data repository scanning in 60 ms. Found 13 JPA repository interfaces.
2023-03-23 11:28:13.516  INFO 2724 --- [restartedMain] o.s.b.w.embedded.tomcat.TomcatWebServer  : Tomcat initialized with port(s): 8080 (http)
2023-03-23 11:28:13.520  INFO 2724 --- [restartedMain] o.apache.catalina.core.StandardService   : Starting service [Tomcat]
2023-03-23 11:28:13.521  INFO 2724 --- [restartedMain] org.apache.catalina.core.StandardEngine  : Starting Servlet engine: [Apache Tomcat/9.0.41]
2023-03-23 11:28:13.559  INFO 2724 --- [restartedMain] o.a.c.c.C.[Tomcat].[localhost].[/admin]  : Initializing Spring embedded WebApplicationContext
2023-03-23 11:28:13.559  INFO 2724 --- [restartedMain] w.s.c.ServletWebServerApplicationContext : Root WebApplicationContext: initialization completed in 756 ms
2023-03-23 11:28:13.654  INFO 2724 --- [restartedMain] o.hibernate.jpa.internal.util.LogHelper  : HHH000204: Processing PersistenceUnitInfo [name: default]
2023-03-23 11:28:13.679  INFO 2724 --- [restartedMain] org.hibernate.Version                    : HHH000412: Hibernate ORM core version 5.4.25.Final
2023-03-23 11:28:13.744  INFO 2724 --- [restartedMain] o.hibernate.annotations.common.Version   : HCANN000001: Hibernate Commons Annotations {5.1.2.Final}
2023-03-23 11:28:13.800  INFO 2724 --- [restartedMain] com.zaxxer.hikari.HikariDataSource       : HikariPool-1 - Starting...
2023-03-23 11:28:13.970  INFO 2724 --- [restartedMain] com.zaxxer.hikari.HikariDataSource       : HikariPool-1 - Start completed.
2023-03-23 11:28:13.978  INFO 2724 --- [restartedMain] org.hibernate.dialect.Dialect            : HHH000400: Using dialect: org.hibernate.dialect.MySQL8Dialect
2023-03-23 11:28:14.590  INFO 2724 --- [restartedMain] o.h.e.t.j.p.i.JtaPlatformInitiator       : HHH000490: Using JtaPlatform implementation: [org.hibernate.engine.transaction.jta.platform.internal.NoJtaPlatform]
2023-03-23 11:28:14.595  INFO 2724 --- [restartedMain] j.LocalContainerEntityManagerFactoryBean : Initialized JPA EntityManagerFactory for persistence unit 'default'
2023-03-23 11:28:14.613  INFO 2724 --- [restartedMain] o.s.b.d.a.OptionalLiveReloadServer       : LiveReload server is running on port 35729
2023-03-23 11:28:15.080  INFO 2724 --- [restartedMain] o.s.s.web.DefaultSecurityFilterChain     : Will secure any request with [org.springframework.security.web.context.request.async.WebAsyncManagerIntegrationFilter@3340612f, org.springframework.security.web.context.SecurityContextPersistenceFilter@7ac7bf4, org.springframework.security.web.header.HeaderWriterFilter@54e13dbd, org.springframework.security.web.csrf.CsrfFilter@4fdb2ffa, org.springframework.security.web.authentication.logout.LogoutFilter@2f07c707, org.springframework.security.web.authentication.UsernamePasswordAuthenticationFilter@2c8622fb, org.springframework.security.web.savedrequest.RequestCacheAwareFilter@28931e73, org.springframework.security.web.servletapi.SecurityContextHolderAwareRequestFilter@5caedd73, org.springframework.security.web.authentication.rememberme.RememberMeAuthenticationFilter@7ede8bba, org.springframework.security.web.authentication.AnonymousAuthenticationFilter@5e9755e0, org.springframework.security.web.session.SessionManagementFilter@2d891881, org.springframework.security.web.access.ExceptionTranslationFilter@7f460ab4, org.springframework.security.web.access.intercept.FilterSecurityInterceptor@fc20733]
2023-03-23 11:28:15.102  WARN 2724 --- [restartedMain] JpaBaseConfiguration$JpaWebConfiguration : spring.jpa.open-in-view is enabled by default. Therefore, database queries may be performed during view rendering. Explicitly configure spring.jpa.open-in-view to disable this warning
2023-03-23 11:28:15.159  INFO 2724 --- [restartedMain] o.s.s.concurrent.ThreadPoolTaskExecutor  : Initializing ExecutorService 'applicationTaskExecutor'
2023-03-23 11:28:15.203  INFO 2724 --- [restartedMain] o.s.b.a.w.s.WelcomePageHandlerMapping    : Adding welcome page template: index
2023-03-23 11:28:15.394  INFO 2724 --- [restartedMain] o.s.s.web.DefaultSecurityFilterChain     : Will secure Ant [pattern='/images/**'] with []
2023-03-23 11:28:15.395  INFO 2724 --- [restartedMain] o.s.s.web.DefaultSecurityFilterChain     : Will secure Ant [pattern='/js/**'] with []
2023-03-23 11:28:15.395  INFO 2724 --- [restartedMain] o.s.s.web.DefaultSecurityFilterChain     : Will secure Ant [pattern='/webjars/**'] with []
2023-03-23 11:28:15.395  INFO 2724 --- [restartedMain] o.s.s.web.DefaultSecurityFilterChain     : Will secure Ant [pattern='/styles/**'] with []
2023-03-23 11:28:15.395  INFO 2724 --- [restartedMain] o.s.s.web.DefaultSecurityFilterChain     : Will secure Ant [pattern='/error'] with []
2023-03-23 11:28:15.451  INFO 2724 --- [restartedMain] o.s.b.w.embedded.tomcat.TomcatWebServer  : Tomcat started on port(s): 8080 (http) with context path '/admin'
2023-03-23 11:28:15.456  INFO 2724 --- [restartedMain] com.shopme.ShopmeBackendApplication      : Started ShopmeBackendApplication in 2.914 seconds (JVM running for 3.405)
2023-03-23 11:28:17.803  INFO 2724 --- [http-nio-8080-exec-1] o.a.c.c.C.[Tomcat].[localhost].[/admin]  : Initializing Spring DispatcherServlet 'dispatcherServlet'
2023-03-23 11:28:17.805  INFO 2724 --- [http-nio-8080-exec-1] o.s.web.servlet.DispatcherServlet        : Initializing Servlet 'dispatcherServlet'
2023-03-23 11:28:17.805  INFO 2724 --- [http-nio-8080-exec-1] o.s.web.servlet.DispatcherServlet        : Completed initialization in 0 ms
2023-03-23 11:30:29.157  INFO 21800 --- [restartedMain] com.shopme.ShopmeBackendApplication      : Starting ShopmeBackendApplication using Java 11.0.14 on DESKTOP-P2FANG7 with PID 21800 (C:\Users\Admin\Documents\Shopme-Ecommerce\EShop\EStoreWebParent\EStoreB2B\target\classes started by Admin in C:\Users\Admin\Documents\Shopme-Ecommerce\EShop)
2023-03-23 11:30:29.159  INFO 21800 --- [restartedMain] com.shopme.ShopmeBackendApplication      : No active profile set, falling back to default profiles: default
2023-03-23 11:30:29.198  INFO 21800 --- [restartedMain] .e.DevToolsPropertyDefaultsPostProcessor : Devtools property defaults active! Set 'spring.devtools.add-properties' to 'false' to disable
2023-03-23 11:30:29.198  INFO 21800 --- [restartedMain] .e.DevToolsPropertyDefaultsPostProcessor : For additional web related logging consider setting the 'logging.level.web' property to 'DEBUG'
2023-03-23 11:30:29.564  INFO 21800 --- [restartedMain] .s.d.r.c.RepositoryConfigurationDelegate : Bootstrapping Spring Data JPA repositories in DEFAULT mode.
2023-03-23 11:30:29.627  INFO 21800 --- [restartedMain] .s.d.r.c.RepositoryConfigurationDelegate : Finished Spring Data repository scanning in 58 ms. Found 13 JPA repository interfaces.
2023-03-23 11:30:29.889  INFO 21800 --- [restartedMain] o.s.b.w.embedded.tomcat.TomcatWebServer  : Tomcat initialized with port(s): 8080 (http)
2023-03-23 11:30:29.894  INFO 21800 --- [restartedMain] o.apache.catalina.core.StandardService   : Starting service [Tomcat]
2023-03-23 11:30:29.894  INFO 21800 --- [restartedMain] org.apache.catalina.core.StandardEngine  : Starting Servlet engine: [Apache Tomcat/9.0.41]
2023-03-23 11:30:29.932  INFO 21800 --- [restartedMain] o.a.c.c.C.[Tomcat].[localhost].[/admin]  : Initializing Spring embedded WebApplicationContext
2023-03-23 11:30:29.932  INFO 21800 --- [restartedMain] w.s.c.ServletWebServerApplicationContext : Root WebApplicationContext: initialization completed in 734 ms
2023-03-23 11:30:30.028  INFO 21800 --- [restartedMain] o.hibernate.jpa.internal.util.LogHelper  : HHH000204: Processing PersistenceUnitInfo [name: default]
2023-03-23 11:30:30.053  INFO 21800 --- [restartedMain] org.hibernate.Version                    : HHH000412: Hibernate ORM core version 5.4.25.Final
2023-03-23 11:30:30.114  INFO 21800 --- [restartedMain] o.hibernate.annotations.common.Version   : HCANN000001: Hibernate Commons Annotations {5.1.2.Final}
2023-03-23 11:30:30.169  INFO 21800 --- [restartedMain] com.zaxxer.hikari.HikariDataSource       : HikariPool-1 - Starting...
2023-03-23 11:30:30.314  INFO 21800 --- [restartedMain] com.zaxxer.hikari.HikariDataSource       : HikariPool-1 - Start completed.
2023-03-23 11:30:30.321  INFO 21800 --- [restartedMain] org.hibernate.dialect.Dialect            : HHH000400: Using dialect: org.hibernate.dialect.MySQL8Dialect
2023-03-23 11:30:30.921  INFO 21800 --- [restartedMain] o.h.e.t.j.p.i.JtaPlatformInitiator       : HHH000490: Using JtaPlatform implementation: [org.hibernate.engine.transaction.jta.platform.internal.NoJtaPlatform]
2023-03-23 11:30:30.926  INFO 21800 --- [restartedMain] j.LocalContainerEntityManagerFactoryBean : Initialized JPA EntityManagerFactory for persistence unit 'default'
2023-03-23 11:30:30.943  INFO 21800 --- [restartedMain] o.s.b.d.a.OptionalLiveReloadServer       : LiveReload server is running on port 35729
2023-03-23 11:30:31.414  INFO 21800 --- [restartedMain] o.s.s.web.DefaultSecurityFilterChain     : Will secure any request with [org.springframework.security.web.context.request.async.WebAsyncManagerIntegrationFilter@e5a13d0, org.springframework.security.web.context.SecurityContextPersistenceFilter@449d014c, org.springframework.security.web.header.HeaderWriterFilter@3c93a21c, org.springframework.security.web.csrf.CsrfFilter@4e742ff2, org.springframework.security.web.authentication.logout.LogoutFilter@70b06d2a, org.springframework.security.web.authentication.UsernamePasswordAuthenticationFilter@466cb7b1, org.springframework.security.web.savedrequest.RequestCacheAwareFilter@34551ddf, org.springframework.security.web.servletapi.SecurityContextHolderAwareRequestFilter@670a52d6, org.springframework.security.web.authentication.rememberme.RememberMeAuthenticationFilter@424af2cc, org.springframework.security.web.authentication.AnonymousAuthenticationFilter@fa94c3e, org.springframework.security.web.session.SessionManagementFilter@6d96c354, org.springframework.security.web.access.ExceptionTranslationFilter@3cbe1d, org.springframework.security.web.access.intercept.FilterSecurityInterceptor@52f0dbb0]
2023-03-23 11:30:31.436  WARN 21800 --- [restartedMain] JpaBaseConfiguration$JpaWebConfiguration : spring.jpa.open-in-view is enabled by default. Therefore, database queries may be performed during view rendering. Explicitly configure spring.jpa.open-in-view to disable this warning
2023-03-23 11:30:31.492  INFO 21800 --- [restartedMain] o.s.s.concurrent.ThreadPoolTaskExecutor  : Initializing ExecutorService 'applicationTaskExecutor'
2023-03-23 11:30:31.537  INFO 21800 --- [restartedMain] o.s.b.a.w.s.WelcomePageHandlerMapping    : Adding welcome page template: index
2023-03-23 11:30:31.721  INFO 21800 --- [restartedMain] o.s.s.web.DefaultSecurityFilterChain     : Will secure Ant [pattern='/images/**'] with []
2023-03-23 11:30:31.721  INFO 21800 --- [restartedMain] o.s.s.web.DefaultSecurityFilterChain     : Will secure Ant [pattern='/js/**'] with []
2023-03-23 11:30:31.721  INFO 21800 --- [restartedMain] o.s.s.web.DefaultSecurityFilterChain     : Will secure Ant [pattern='/webjars/**'] with []
2023-03-23 11:30:31.721  INFO 21800 --- [restartedMain] o.s.s.web.DefaultSecurityFilterChain     : Will secure Ant [pattern='/styles/**'] with []
2023-03-23 11:30:31.721  INFO 21800 --- [restartedMain] o.s.s.web.DefaultSecurityFilterChain     : Will secure Ant [pattern='/error'] with []
2023-03-23 11:30:31.774  INFO 21800 --- [restartedMain] o.s.b.w.embedded.tomcat.TomcatWebServer  : Tomcat started on port(s): 8080 (http) with context path '/admin'
2023-03-23 11:30:31.779  INFO 21800 --- [restartedMain] com.shopme.ShopmeBackendApplication      : Started ShopmeBackendApplication in 2.846 seconds (JVM running for 3.336)
2023-03-23 11:30:33.064  INFO 21800 --- [http-nio-8080-exec-1] o.a.c.c.C.[Tomcat].[localhost].[/admin]  : Initializing Spring DispatcherServlet 'dispatcherServlet'
2023-03-23 11:30:33.066  INFO 21800 --- [http-nio-8080-exec-1] o.s.web.servlet.DispatcherServlet        : Initializing Servlet 'dispatcherServlet'
2023-03-23 11:30:33.066  INFO 21800 --- [http-nio-8080-exec-1] o.s.web.servlet.DispatcherServlet        : Completed initialization in 0 ms
