#
# There is insufficient memory for the Java Runtime Environment to continue.
# Native memory allocation (malloc) failed to allocate 65552 bytes for Chunk::new
# Possible reasons:
#   The system is out of physical RAM or swap space
#   The process is running with CompressedOops enabled, and the Java Heap may be blocking the growth of the native heap
# Possible solutions:
#   Reduce memory load on the system
#   Increase physical memory or swap space
#   Check if swap backing store is full
#   Decrease Java heap size (-Xmx/-Xms)
#   Decrease number of Java threads
#   Decrease Java thread stack sizes (-Xss)
#   Set larger code cache with -XX:ReservedCodeCacheSize=
#   JVM is running with Unscaled Compressed Oops mode in which the Java heap is
#     placed in the first 4GB address space. The Java Heap base address is the
#     maximum limit for the native heap growth. Please use -XX:HeapBaseMinAddress
#     to set the Java Heap base and to place the Java Heap above 4GB virtual address.
# This output file may be truncated or incomplete.
#
#  Out of Memory Error (c:/BuildAgent/work/1eae4dac1d648407/src/hotspot/share/memory/arena.cpp:197), pid=32532, tid=9720
#
# JRE version: OpenJDK Runtime Environment (11.0.6+8) (build 11.0.6+8-b765.25)
# Java VM: OpenJDK 64-Bit Server VM (11.0.6+8-b765.25, mixed mode, sharing, tiered, compressed oops, g1 gc, windows-amd64)
# No core dump will be written. Minidumps are not enabled by default on client versions of Windows
#

---------------  S U M M A R Y ------------

Command Line: C:\Users\LongTran\AppData\Roaming\JetBrains\IntelliJIdea2020.1\plugins\idea-spring-tools\lib\server\language-server.jar

Host: AMD Ryzen 5 4600HS with Radeon Graphics         , 12 cores, 7G,  Windows 10 , 64 bit Build 22000 (10.0.22000.708)
Time: Mon Nov  7 16:20:48 2022 SE Asia Standard Time elapsed time: 1036 seconds (0d 0h 17m 16s)

---------------  T H R E A D  ---------------

Current thread (0x000002577cf47800):  JavaThread "C2 CompilerThread0" daemon [_thread_in_native, id=9720, stack(0x000000663fe00000,0x000000663ff00000)]


Current CompileTask:
C2:1036750 5604       4       java.net.URI$Parser::parse (243 bytes)

Stack: [0x000000663fe00000,0x000000663ff00000]
Native frames: (J=compiled Java code, j=interpreted, Vv=VM code, C=native code)
V  [jvm.dll+0x5de3ca]
V  [jvm.dll+0x710ae5]
V  [jvm.dll+0x712005]
V  [jvm.dll+0x7126b3]
V  [jvm.dll+0x23e708]
V  [jvm.dll+0xb89bc]
V  [jvm.dll+0xb8ebc]
V  [jvm.dll+0xb8ab8]
V  [jvm.dll+0x60a8c0]
V  [jvm.dll+0x608dbc]
V  [jvm.dll+0x1f8b28]
V  [jvm.dll+0x1f6a3f]
V  [jvm.dll+0x17f90c]
V  [jvm.dll+0x204ed7]
V  [jvm.dll+0x203741]
V  [jvm.dll+0x6daa4f]
V  [jvm.dll+0x6d38ad]
V  [jvm.dll+0x5dd366]
C  [ucrtbase.dll+0x26c0c]
C  [KERNEL32.DLL+0x154e0]
C  [ntdll.dll+0x485b]


---------------  P R O C E S S  ---------------

Threads class SMR info:
_java_thread_list=0x00000257002d5700, length=19, elements={
0x000002577cf1d000, 0x000002577cf1e800, 0x000002577cf42000, 0x000002577cf45000,
0x000002577cf47800, 0x000002577cf4c800, 0x000002577cf7f000, 0x000002577d9d2800,
0x000002577d9de800, 0x000002577efd2800, 0x000002577e8ff000, 0x000002577e8fb000,
0x000002577e8f9800, 0x000002577e900000, 0x000002577e8fa000, 0x000002577e8fb800,
0x000002577db4c000, 0x000002577db48800, 0x000002577db4a000
}

Java Threads: ( => current thread )
  0x000002577cf1d000 JavaThread "Reference Handler" daemon [_thread_blocked, id=24316, stack(0x000000663fa00000,0x000000663fb00000)]
  0x000002577cf1e800 JavaThread "Finalizer" daemon [_thread_blocked, id=19932, stack(0x000000663fb00000,0x000000663fc00000)]
  0x000002577cf42000 JavaThread "Signal Dispatcher" daemon [_thread_blocked, id=15244, stack(0x000000663fc00000,0x000000663fd00000)]
  0x000002577cf45000 JavaThread "Attach Listener" daemon [_thread_blocked, id=15908, stack(0x000000663fd00000,0x000000663fe00000)]
=>0x000002577cf47800 JavaThread "C2 CompilerThread0" daemon [_thread_in_native, id=9720, stack(0x000000663fe00000,0x000000663ff00000)]
  0x000002577cf4c800 JavaThread "C1 CompilerThread0" daemon [_thread_blocked, id=23668, stack(0x000000663ff00000,0x0000006640000000)]
  0x000002577cf7f000 JavaThread "Sweeper thread" daemon [_thread_blocked, id=31460, stack(0x0000006640000000,0x0000006640100000)]
  0x000002577d9d2800 JavaThread "Service Thread" daemon [_thread_blocked, id=31060, stack(0x0000006640100000,0x0000006640200000)]
  0x000002577d9de800 JavaThread "Common-Cleaner" daemon [_thread_blocked, id=26376, stack(0x0000006640300000,0x0000006640400000)]
  0x000002577efd2800 JavaThread "ForkJoinPool.commonPool-worker-27" daemon [_thread_blocked, id=20800, stack(0x0000006640b00000,0x0000006640c00000)]
  0x000002577e8ff000 JavaThread "Simple-Language-Server main thread" daemon [_thread_blocked, id=13680, stack(0x0000006641200000,0x0000006641300000)]
  0x000002577e8fb000 JavaThread "LanguageServerApp-lifecycle" [_thread_blocked, id=8780, stack(0x0000006641300000,0x0000006641400000)]
  0x000002577e8f9800 JavaThread "DestroyJavaVM" [_thread_blocked, id=2620, stack(0x000000663f300000,0x000000663f400000)]
  0x000002577e900000 JavaThread "pool-4-thread-1" [_thread_in_native, id=23124, stack(0x0000006641400000,0x0000006641500000)]
  0x000002577e8fa000 JavaThread "pool-5-thread-1" [_thread_blocked, id=26312, stack(0x0000006641500000,0x0000006641600000)]
  0x000002577e8fb800 JavaThread "parallel-1" daemon [_thread_blocked, id=27984, stack(0x0000006641c00000,0x0000006641d00000)]
  0x000002577db4c000 JavaThread "Reconciler-1" daemon [_thread_blocked, id=18000, stack(0x0000006641d00000,0x0000006641e00000)]
  0x000002577db48800 JavaThread "pool-2-thread-1" [_thread_blocked, id=15192, stack(0x0000006641e00000,0x0000006641f00000)]
  0x000002577db4a000 JavaThread "elastic-evictor-1" daemon [_thread_blocked, id=24212, stack(0x000000663f000000,0x000000663f100000)]

Other Threads:
  0x000002577cf1b000 VMThread "VM Thread" [stack: 0x000000663f900000,0x000000663fa00000] [id=3092]
  0x000002577d9d4800 WatcherThread [stack: 0x0000006640200000,0x0000006640300000] [id=21056]
  0x00000257606b5000 GCTaskThread "GC Thread#0" [stack: 0x000000663f400000,0x000000663f500000] [id=31724]
  0x000002577e820000 GCTaskThread "GC Thread#1" [stack: 0x0000006640400000,0x0000006640500000] [id=30156]
  0x000002577dfbb800 GCTaskThread "GC Thread#2" [stack: 0x0000006640600000,0x0000006640700000] [id=2272]
  0x000002577dfbc000 GCTaskThread "GC Thread#3" [stack: 0x0000006640700000,0x0000006640800000] [id=2148]
  0x000002577f077000 GCTaskThread "GC Thread#4" [stack: 0x0000006641600000,0x0000006641700000] [id=25008]
  0x000002577f078800 GCTaskThread "GC Thread#5" [stack: 0x0000006641700000,0x0000006641800000] [id=6100]
  0x000002577f079000 GCTaskThread "GC Thread#6" [stack: 0x0000006641800000,0x0000006641900000] [id=26900]
  0x000002577f079800 GCTaskThread "GC Thread#7" [stack: 0x0000006641900000,0x0000006641a00000] [id=9100]
  0x000002577e168000 GCTaskThread "GC Thread#8" [stack: 0x0000006641f00000,0x0000006642000000] [id=21252]
  0x000002577e472800 GCTaskThread "GC Thread#9" [stack: 0x0000006642000000,0x0000006642100000] [id=15668]
  0x00000257606e2000 ConcurrentGCThread "G1 Main Marker" [stack: 0x000000663f500000,0x000000663f600000] [id=18168]
  0x00000257606e4000 ConcurrentGCThread "G1 Conc#0" [stack: 0x000000663f600000,0x000000663f700000] [id=924]
  0x000002577f07d000 ConcurrentGCThread "G1 Conc#1" [stack: 0x0000006641a00000,0x0000006641b00000] [id=25188]
  0x00000257001bc000 ConcurrentGCThread "G1 Conc#2" [stack: 0x0000006641b00000,0x0000006641c00000] [id=19340]
  0x000002576077e000 ConcurrentGCThread "G1 Refine#0" [stack: 0x000000663f700000,0x000000663f800000] [id=19844]
  0x00000257001c1000 ConcurrentGCThread "G1 Refine#1" [stack: 0x0000006642100000,0x0000006642200000] [id=20088]
  0x000002577e37f000 ConcurrentGCThread "G1 Refine#2" [stack: 0x0000006642200000,0x0000006642300000] [id=23120]
  0x000002577cdb4800 ConcurrentGCThread "G1 Young RemSet Sampling" [stack: 0x000000663f800000,0x000000663f900000] [id=3792]

Threads with active compile tasks:
C2 CompilerThread01036781 5604       4       java.net.URI$Parser::parse (243 bytes)

VM state:not at safepoint (normal execution)

VM Mutex/Monitor currently owned by a thread: None

Heap address: 0x0000000089400000, size: 1900 MB, Compressed Oops mode: 32-bit
Narrow klass base: 0x0000000800000000, Narrow klass shift: 3
Compressed class space size: 1073741824 Address: 0x0000000840000000

Heap:
 garbage-first heap   total 147456K, used 101324K [0x0000000089400000, 0x0000000100000000)
  region size 1024K, 75 young (76800K), 6 survivors (6144K)
 Metaspace       used 35016K, capacity 36160K, committed 36272K, reserved 1081344K
  class space    used 4070K, capacity 4509K, committed 4608K, reserved 1048576K
Heap Regions: E=young(eden), S=young(survivor), O=old, HS=humongous(starts), HC=humongous(continues), CS=collection set, F=free, A=archive, TAMS=top-at-mark-start (previous, next)
|   0|0x0000000089400000, 0x0000000089500000, 0x0000000089500000|100%| O|  |TAMS 0x0000000089500000, 0x0000000089400000| Untracked 
|   1|0x0000000089500000, 0x0000000089600000, 0x0000000089600000|100%| O|  |TAMS 0x0000000089600000, 0x0000000089500000| Untracked 
|   2|0x0000000089600000, 0x0000000089700000, 0x0000000089700000|100%| O|  |TAMS 0x0000000089700000, 0x0000000089600000| Untracked 
|   3|0x0000000089700000, 0x0000000089800000, 0x0000000089800000|100%| O|  |TAMS 0x0000000089800000, 0x0000000089700000| Untracked 
|   4|0x0000000089800000, 0x0000000089900000, 0x0000000089900000|100%| O|  |TAMS 0x0000000089900000, 0x0000000089800000| Untracked 
|   5|0x0000000089900000, 0x0000000089a00000, 0x0000000089a00000|100%| O|  |TAMS 0x0000000089a00000, 0x0000000089900000| Untracked 
|   6|0x0000000089a00000, 0x0000000089b00000, 0x0000000089b00000|100%|HS|  |TAMS 0x0000000089b00000, 0x0000000089a00000| Complete 
|   7|0x0000000089b00000, 0x0000000089c00000, 0x0000000089c00000|100%|HS|  |TAMS 0x0000000089c00000, 0x0000000089b00000| Complete 
|   8|0x0000000089c00000, 0x0000000089d00000, 0x0000000089d00000|100%| O|  |TAMS 0x0000000089d00000, 0x0000000089c00000| Untracked 
|   9|0x0000000089d00000, 0x0000000089e00000, 0x0000000089e00000|100%| O|  |TAMS 0x0000000089e00000, 0x0000000089d00000| Untracked 
|  10|0x0000000089e00000, 0x0000000089f00000, 0x0000000089f00000|100%| O|  |TAMS 0x0000000089f00000, 0x0000000089e00000| Untracked 
|  11|0x0000000089f00000, 0x000000008a000000, 0x000000008a000000|100%| O|  |TAMS 0x000000008a000000, 0x0000000089f00000| Untracked 
|  12|0x000000008a000000, 0x000000008a000000, 0x000000008a100000|  0%| F|  |TAMS 0x000000008a000000, 0x000000008a000000| Untracked 
|  13|0x000000008a100000, 0x000000008a100000, 0x000000008a200000|  0%| F|  |TAMS 0x000000008a100000, 0x000000008a100000| Untracked 
|  14|0x000000008a200000, 0x000000008a200000, 0x000000008a300000|  0%| F|  |TAMS 0x000000008a200000, 0x000000008a200000| Untracked 
|  15|0x000000008a300000, 0x000000008a300000, 0x000000008a400000|  0%| F|  |TAMS 0x000000008a300000, 0x000000008a300000| Untracked 
|  16|0x000000008a400000, 0x000000008a500000, 0x000000008a500000|100%| O|  |TAMS 0x000000008a500000, 0x000000008a400000| Untracked 
|  17|0x000000008a500000, 0x000000008a600000, 0x000000008a600000|100%| O|  |TAMS 0x000000008a600000, 0x000000008a500000| Untracked 
|  18|0x000000008a600000, 0x000000008a700000, 0x000000008a700000|100%| O|  |TAMS 0x000000008a700000, 0x000000008a600000| Untracked 
|  19|0x000000008a700000, 0x000000008a800000, 0x000000008a800000|100%| O|  |TAMS 0x000000008a800000, 0x000000008a700000| Untracked 
|  20|0x000000008a800000, 0x000000008a900000, 0x000000008a900000|100%| O|  |TAMS 0x000000008a900000, 0x000000008a800000| Untracked 
|  21|0x000000008a900000, 0x000000008aa00000, 0x000000008aa00000|100%| O|  |TAMS 0x000000008aa00000, 0x000000008a900000| Untracked 
|  22|0x000000008aa00000, 0x000000008ab00000, 0x000000008ab00000|100%| O|  |TAMS 0x000000008ab00000, 0x000000008aa00000| Untracked 
|  23|0x000000008ab00000, 0x000000008ac00000, 0x000000008ac00000|100%| O|  |TAMS 0x000000008ac00000, 0x000000008ab00000| Untracked 
|  24|0x000000008ac00000, 0x000000008ad00000, 0x000000008ad00000|100%| O|  |TAMS 0x000000008acffa00, 0x000000008ac00000| Untracked 
|  25|0x000000008ad00000, 0x000000008ad00000, 0x000000008ae00000|  0%| F|  |TAMS 0x000000008ad00000, 0x000000008ad00000| Untracked 
|  26|0x000000008ae00000, 0x000000008af00000, 0x000000008af00000|100%|HS|  |TAMS 0x000000008ae00000, 0x000000008ae00000| Complete 
|  27|0x000000008af00000, 0x000000008b000000, 0x000000008b000000|100%|HC|  |TAMS 0x000000008af00000, 0x000000008af00000| Complete 
|  28|0x000000008b000000, 0x000000008b100000, 0x000000008b100000|100%|HS|  |TAMS 0x000000008b000000, 0x000000008b000000| Complete 
|  29|0x000000008b100000, 0x000000008b200000, 0x000000008b200000|100%| O|  |TAMS 0x000000008b100000, 0x000000008b100000| Untracked 
|  30|0x000000008b200000, 0x000000008b300000, 0x000000008b300000|100%| O|  |TAMS 0x000000008b200000, 0x000000008b200000| Untracked 
|  31|0x000000008b300000, 0x000000008b3bd200, 0x000000008b400000| 73%| O|  |TAMS 0x000000008b300000, 0x000000008b300000| Untracked 
|  32|0x000000008b400000, 0x000000008b400000, 0x000000008b500000|  0%| F|  |TAMS 0x000000008b400000, 0x000000008b400000| Untracked 
|  33|0x000000008b500000, 0x000000008b500000, 0x000000008b600000|  0%| F|  |TAMS 0x000000008b500000, 0x000000008b500000| Untracked 
|  34|0x000000008b600000, 0x000000008b600000, 0x000000008b700000|  0%| F|  |TAMS 0x000000008b600000, 0x000000008b600000| Untracked 
|  35|0x000000008b700000, 0x000000008b700000, 0x000000008b800000|  0%| F|  |TAMS 0x000000008b700000, 0x000000008b700000| Untracked 
|  36|0x000000008b800000, 0x000000008b800000, 0x000000008b900000|  0%| F|  |TAMS 0x000000008b800000, 0x000000008b800000| Untracked 
|  37|0x000000008b900000, 0x000000008b900000, 0x000000008ba00000|  0%| F|  |TAMS 0x000000008b900000, 0x000000008b900000| Untracked 
|  38|0x000000008ba00000, 0x000000008ba00000, 0x000000008bb00000|  0%| F|  |TAMS 0x000000008ba00000, 0x000000008ba00000| Untracked 
|  39|0x000000008bb00000, 0x000000008bb00000, 0x000000008bc00000|  0%| F|  |TAMS 0x000000008bb00000, 0x000000008bb00000| Untracked 
|  40|0x000000008bc00000, 0x000000008bc00000, 0x000000008bd00000|  0%| F|  |TAMS 0x000000008bc00000, 0x000000008bc00000| Untracked 
|  41|0x000000008bd00000, 0x000000008bd00000, 0x000000008be00000|  0%| F|  |TAMS 0x000000008bd00000, 0x000000008bd00000| Untracked 
|  42|0x000000008be00000, 0x000000008be00000, 0x000000008bf00000|  0%| F|  |TAMS 0x000000008be00000, 0x000000008be00000| Untracked 
|  43|0x000000008bf00000, 0x000000008bf00000, 0x000000008c000000|  0%| F|  |TAMS 0x000000008bf00000, 0x000000008bf00000| Untracked 
|  44|0x000000008c000000, 0x000000008c000000, 0x000000008c100000|  0%| F|  |TAMS 0x000000008c000000, 0x000000008c000000| Untracked 
|  45|0x000000008c100000, 0x000000008c100000, 0x000000008c200000|  0%| F|  |TAMS 0x000000008c100000, 0x000000008c100000| Untracked 
|  46|0x000000008c200000, 0x000000008c200000, 0x000000008c300000|  0%| F|  |TAMS 0x000000008c200000, 0x000000008c200000| Untracked 
|  47|0x000000008c300000, 0x000000008c300000, 0x000000008c400000|  0%| F|  |TAMS 0x000000008c300000, 0x000000008c300000| Untracked 
|  48|0x000000008c400000, 0x000000008c400000, 0x000000008c500000|  0%| F|  |TAMS 0x000000008c400000, 0x000000008c400000| Untracked 
|  49|0x000000008c500000, 0x000000008c500000, 0x000000008c600000|  0%| F|  |TAMS 0x000000008c500000, 0x000000008c500000| Untracked 
|  50|0x000000008c600000, 0x000000008c600000, 0x000000008c700000|  0%| F|  |TAMS 0x000000008c600000, 0x000000008c600000| Untracked 
|  51|0x000000008c700000, 0x000000008c700000, 0x000000008c800000|  0%| F|  |TAMS 0x000000008c700000, 0x000000008c700000| Untracked 
|  52|0x000000008c800000, 0x000000008c800000, 0x000000008c900000|  0%| F|  |TAMS 0x000000008c800000, 0x000000008c800000| Untracked 
|  53|0x000000008c900000, 0x000000008c900000, 0x000000008ca00000|  0%| F|  |TAMS 0x000000008c900000, 0x000000008c900000| Untracked 
|  54|0x000000008ca00000, 0x000000008ca00000, 0x000000008cb00000|  0%| F|  |TAMS 0x000000008ca00000, 0x000000008ca00000| Untracked 
|  55|0x000000008cb00000, 0x000000008cb00000, 0x000000008cc00000|  0%| F|  |TAMS 0x000000008cb00000, 0x000000008cb00000| Untracked 
|  56|0x000000008cc00000, 0x000000008cc00000, 0x000000008cd00000|  0%| F|  |TAMS 0x000000008cc00000, 0x000000008cc00000| Untracked 
|  57|0x000000008cd00000, 0x000000008cd00000, 0x000000008ce00000|  0%| F|  |TAMS 0x000000008cd00000, 0x000000008cd00000| Untracked 
|  58|0x000000008ce00000, 0x000000008ce36130, 0x000000008cf00000| 21%| S|CS|TAMS 0x000000008ce00000, 0x000000008ce00000| Complete 
|  59|0x000000008cf00000, 0x000000008d000000, 0x000000008d000000|100%| S|CS|TAMS 0x000000008cf00000, 0x000000008cf00000| Complete 
|  60|0x000000008d000000, 0x000000008d100000, 0x000000008d100000|100%| S|CS|TAMS 0x000000008d000000, 0x000000008d000000| Complete 
|  61|0x000000008d100000, 0x000000008d200000, 0x000000008d200000|100%| S|CS|TAMS 0x000000008d100000, 0x000000008d100000| Complete 
|  62|0x000000008d200000, 0x000000008d300000, 0x000000008d300000|100%| S|CS|TAMS 0x000000008d200000, 0x000000008d200000| Complete 
|  63|0x000000008d300000, 0x000000008d400000, 0x000000008d400000|100%| S|CS|TAMS 0x000000008d300000, 0x000000008d300000| Complete 
|  64|0x000000008d400000, 0x000000008d400000, 0x000000008d500000|  0%| F|  |TAMS 0x000000008d400000, 0x000000008d400000| Untracked 
|  65|0x000000008d500000, 0x000000008d500000, 0x000000008d600000|  0%| F|  |TAMS 0x000000008d500000, 0x000000008d500000| Untracked 
|  66|0x000000008d600000, 0x000000008d600000, 0x000000008d700000|  0%| F|  |TAMS 0x000000008d600000, 0x000000008d600000| Untracked 
|  67|0x000000008d700000, 0x000000008d700000, 0x000000008d800000|  0%| F|  |TAMS 0x000000008d700000, 0x000000008d700000| Untracked 
|  68|0x000000008d800000, 0x000000008d800000, 0x000000008d900000|  0%| F|  |TAMS 0x000000008d800000, 0x000000008d800000| Untracked 
|  69|0x000000008d900000, 0x000000008d900000, 0x000000008da00000|  0%| F|  |TAMS 0x000000008d900000, 0x000000008d900000| Untracked 
|  70|0x000000008da00000, 0x000000008da00000, 0x000000008db00000|  0%| F|  |TAMS 0x000000008da00000, 0x000000008da00000| Untracked 
|  71|0x000000008db00000, 0x000000008db00000, 0x000000008dc00000|  0%| F|  |TAMS 0x000000008db00000, 0x000000008db00000| Untracked 
|  72|0x000000008dc00000, 0x000000008dc00000, 0x000000008dd00000|  0%| F|  |TAMS 0x000000008dc00000, 0x000000008dc00000| Untracked 
|  73|0x000000008dd00000, 0x000000008dd00000, 0x000000008de00000|  0%| F|  |TAMS 0x000000008dd00000, 0x000000008dd00000| Untracked 
|  74|0x000000008de00000, 0x000000008de00000, 0x000000008df00000|  0%| F|  |TAMS 0x000000008de00000, 0x000000008de00000| Untracked 
|  75|0x000000008df00000, 0x000000008df98160, 0x000000008e000000| 59%| E|  |TAMS 0x000000008df00000, 0x000000008df00000| Complete 
|  76|0x000000008e000000, 0x000000008e100000, 0x000000008e100000|100%| E|CS|TAMS 0x000000008e000000, 0x000000008e000000| Complete 
|  77|0x000000008e100000, 0x000000008e200000, 0x000000008e200000|100%| E|CS|TAMS 0x000000008e100000, 0x000000008e100000| Complete 
|  78|0x000000008e200000, 0x000000008e300000, 0x000000008e300000|100%| E|CS|TAMS 0x000000008e200000, 0x000000008e200000| Complete 
|  79|0x000000008e300000, 0x000000008e400000, 0x000000008e400000|100%| E|CS|TAMS 0x000000008e300000, 0x000000008e300000| Complete 
|  80|0x000000008e400000, 0x000000008e500000, 0x000000008e500000|100%| E|CS|TAMS 0x000000008e400000, 0x000000008e400000| Complete 
|  81|0x000000008e500000, 0x000000008e600000, 0x000000008e600000|100%| E|CS|TAMS 0x000000008e500000, 0x000000008e500000| Complete 
|  82|0x000000008e600000, 0x000000008e700000, 0x000000008e700000|100%| E|CS|TAMS 0x000000008e600000, 0x000000008e600000| Complete 
|  83|0x000000008e700000, 0x000000008e800000, 0x000000008e800000|100%| E|CS|TAMS 0x000000008e700000, 0x000000008e700000| Complete 
|  84|0x000000008e800000, 0x000000008e900000, 0x000000008e900000|100%| E|CS|TAMS 0x000000008e800000, 0x000000008e800000| Complete 
|  85|0x000000008e900000, 0x000000008ea00000, 0x000000008ea00000|100%| E|CS|TAMS 0x000000008e900000, 0x000000008e900000| Complete 
|  86|0x000000008ea00000, 0x000000008eb00000, 0x000000008eb00000|100%| E|CS|TAMS 0x000000008ea00000, 0x000000008ea00000| Complete 
|  87|0x000000008eb00000, 0x000000008ec00000, 0x000000008ec00000|100%| E|CS|TAMS 0x000000008eb00000, 0x000000008eb00000| Complete 
|  88|0x000000008ec00000, 0x000000008ed00000, 0x000000008ed00000|100%| E|CS|TAMS 0x000000008ec00000, 0x000000008ec00000| Complete 
|  89|0x000000008ed00000, 0x000000008ee00000, 0x000000008ee00000|100%| E|CS|TAMS 0x000000008ed00000, 0x000000008ed00000| Complete 
|  90|0x000000008ee00000, 0x000000008ef00000, 0x000000008ef00000|100%| E|CS|TAMS 0x000000008ee00000, 0x000000008ee00000| Complete 
|  91|0x000000008ef00000, 0x000000008f000000, 0x000000008f000000|100%| E|CS|TAMS 0x000000008ef00000, 0x000000008ef00000| Complete 
|  92|0x000000008f000000, 0x000000008f100000, 0x000000008f100000|100%| E|CS|TAMS 0x000000008f000000, 0x000000008f000000| Complete 
|  93|0x000000008f100000, 0x000000008f200000, 0x000000008f200000|100%| E|CS|TAMS 0x000000008f100000, 0x000000008f100000| Complete 
|  94|0x000000008f200000, 0x000000008f300000, 0x000000008f300000|100%| E|CS|TAMS 0x000000008f200000, 0x000000008f200000| Complete 
|  95|0x000000008f300000, 0x000000008f400000, 0x000000008f400000|100%| E|CS|TAMS 0x000000008f300000, 0x000000008f300000| Complete 
|  96|0x000000008f400000, 0x000000008f500000, 0x000000008f500000|100%| E|CS|TAMS 0x000000008f400000, 0x000000008f400000| Complete 
|  97|0x000000008f500000, 0x000000008f600000, 0x000000008f600000|100%| E|CS|TAMS 0x000000008f500000, 0x000000008f500000| Complete 
|  98|0x000000008f600000, 0x000000008f700000, 0x000000008f700000|100%| E|CS|TAMS 0x000000008f600000, 0x000000008f600000| Complete 
|  99|0x000000008f700000, 0x000000008f800000, 0x000000008f800000|100%| E|CS|TAMS 0x000000008f700000, 0x000000008f700000| Complete 
| 100|0x000000008f800000, 0x000000008f900000, 0x000000008f900000|100%| E|  |TAMS 0x000000008f800000, 0x000000008f800000| Complete 
| 101|0x000000008f900000, 0x000000008fa00000, 0x000000008fa00000|100%| E|CS|TAMS 0x000000008f900000, 0x000000008f900000| Complete 
| 102|0x000000008fa00000, 0x000000008fb00000, 0x000000008fb00000|100%| E|CS|TAMS 0x000000008fa00000, 0x000000008fa00000| Complete 
| 103|0x000000008fb00000, 0x000000008fc00000, 0x000000008fc00000|100%| E|CS|TAMS 0x000000008fb00000, 0x000000008fb00000| Complete 
| 104|0x000000008fc00000, 0x000000008fd00000, 0x000000008fd00000|100%| E|CS|TAMS 0x000000008fc00000, 0x000000008fc00000| Complete 
| 105|0x000000008fd00000, 0x000000008fe00000, 0x000000008fe00000|100%| E|CS|TAMS 0x000000008fd00000, 0x000000008fd00000| Complete 
| 106|0x000000008fe00000, 0x000000008ff00000, 0x000000008ff00000|100%| E|CS|TAMS 0x000000008fe00000, 0x000000008fe00000| Complete 
| 107|0x000000008ff00000, 0x0000000090000000, 0x0000000090000000|100%| E|CS|TAMS 0x000000008ff00000, 0x000000008ff00000| Complete 
| 108|0x0000000090000000, 0x0000000090100000, 0x0000000090100000|100%| E|CS|TAMS 0x0000000090000000, 0x0000000090000000| Complete 
| 109|0x0000000090100000, 0x0000000090200000, 0x0000000090200000|100%| E|CS|TAMS 0x0000000090100000, 0x0000000090100000| Complete 
| 110|0x0000000090200000, 0x0000000090300000, 0x0000000090300000|100%| E|CS|TAMS 0x0000000090200000, 0x0000000090200000| Complete 
| 111|0x0000000090300000, 0x0000000090400000, 0x0000000090400000|100%| E|CS|TAMS 0x0000000090300000, 0x0000000090300000| Complete 
| 112|0x0000000090400000, 0x0000000090500000, 0x0000000090500000|100%| E|CS|TAMS 0x0000000090400000, 0x0000000090400000| Complete 
| 113|0x0000000090500000, 0x0000000090600000, 0x0000000090600000|100%| E|CS|TAMS 0x0000000090500000, 0x0000000090500000| Complete 
| 114|0x0000000090600000, 0x0000000090700000, 0x0000000090700000|100%| E|CS|TAMS 0x0000000090600000, 0x0000000090600000| Complete 
| 115|0x0000000090700000, 0x0000000090800000, 0x0000000090800000|100%| E|CS|TAMS 0x0000000090700000, 0x0000000090700000| Complete 
| 116|0x0000000090800000, 0x0000000090900000, 0x0000000090900000|100%| E|CS|TAMS 0x0000000090800000, 0x0000000090800000| Complete 
| 117|0x0000000090900000, 0x0000000090a00000, 0x0000000090a00000|100%| E|CS|TAMS 0x0000000090900000, 0x0000000090900000| Complete 
| 118|0x0000000090a00000, 0x0000000090b00000, 0x0000000090b00000|100%| E|CS|TAMS 0x0000000090a00000, 0x0000000090a00000| Complete 
| 119|0x0000000090b00000, 0x0000000090c00000, 0x0000000090c00000|100%| E|CS|TAMS 0x0000000090b00000, 0x0000000090b00000| Complete 
| 120|0x0000000090c00000, 0x0000000090d00000, 0x0000000090d00000|100%| E|CS|TAMS 0x0000000090c00000, 0x0000000090c00000| Complete 
| 121|0x0000000090d00000, 0x0000000090e00000, 0x0000000090e00000|100%| E|CS|TAMS 0x0000000090d00000, 0x0000000090d00000| Complete 
| 122|0x0000000090e00000, 0x0000000090f00000, 0x0000000090f00000|100%| E|CS|TAMS 0x0000000090e00000, 0x0000000090e00000| Complete 
| 123|0x0000000090f00000, 0x0000000091000000, 0x0000000091000000|100%| E|CS|TAMS 0x0000000090f00000, 0x0000000090f00000| Complete 
| 124|0x0000000091000000, 0x0000000091100000, 0x0000000091100000|100%| E|CS|TAMS 0x0000000091000000, 0x0000000091000000| Complete 
| 125|0x0000000091100000, 0x0000000091200000, 0x0000000091200000|100%| E|CS|TAMS 0x0000000091100000, 0x0000000091100000| Complete 
| 126|0x0000000091200000, 0x0000000091300000, 0x0000000091300000|100%| E|CS|TAMS 0x0000000091200000, 0x0000000091200000| Complete 
| 127|0x0000000091300000, 0x0000000091400000, 0x0000000091400000|100%| E|CS|TAMS 0x0000000091300000, 0x0000000091300000| Complete 
| 128|0x0000000091400000, 0x0000000091500000, 0x0000000091500000|100%| E|CS|TAMS 0x0000000091400000, 0x0000000091400000| Complete 
| 129|0x0000000091500000, 0x0000000091600000, 0x0000000091600000|100%| E|CS|TAMS 0x0000000091500000, 0x0000000091500000| Complete 
| 130|0x0000000091600000, 0x0000000091700000, 0x0000000091700000|100%| E|CS|TAMS 0x0000000091600000, 0x0000000091600000| Complete 
| 131|0x0000000091700000, 0x0000000091800000, 0x0000000091800000|100%| E|CS|TAMS 0x0000000091700000, 0x0000000091700000| Complete 
| 132|0x0000000091800000, 0x0000000091900000, 0x0000000091900000|100%| E|CS|TAMS 0x0000000091800000, 0x0000000091800000| Complete 
| 133|0x0000000091900000, 0x0000000091a00000, 0x0000000091a00000|100%| E|CS|TAMS 0x0000000091900000, 0x0000000091900000| Complete 
| 134|0x0000000091a00000, 0x0000000091b00000, 0x0000000091b00000|100%| E|CS|TAMS 0x0000000091a00000, 0x0000000091a00000| Complete 
| 135|0x0000000091b00000, 0x0000000091c00000, 0x0000000091c00000|100%| E|CS|TAMS 0x0000000091b00000, 0x0000000091b00000| Complete 
| 136|0x0000000091c00000, 0x0000000091d00000, 0x0000000091d00000|100%| E|CS|TAMS 0x0000000091c00000, 0x0000000091c00000| Complete 
| 137|0x0000000091d00000, 0x0000000091e00000, 0x0000000091e00000|100%| E|CS|TAMS 0x0000000091d00000, 0x0000000091d00000| Complete 
| 138|0x0000000091e00000, 0x0000000091f00000, 0x0000000091f00000|100%| E|CS|TAMS 0x0000000091e00000, 0x0000000091e00000| Complete 
| 139|0x0000000091f00000, 0x0000000092000000, 0x0000000092000000|100%| E|CS|TAMS 0x0000000091f00000, 0x0000000091f00000| Complete 
| 140|0x0000000092000000, 0x0000000092100000, 0x0000000092100000|100%| E|CS|TAMS 0x0000000092000000, 0x0000000092000000| Complete 
| 141|0x0000000092100000, 0x0000000092200000, 0x0000000092200000|100%| E|CS|TAMS 0x0000000092100000, 0x0000000092100000| Complete 
| 142|0x0000000092200000, 0x0000000092300000, 0x0000000092300000|100%| E|CS|TAMS 0x0000000092200000, 0x0000000092200000| Complete 
| 143|0x0000000092300000, 0x0000000092400000, 0x0000000092400000|100%| E|CS|TAMS 0x0000000092300000, 0x0000000092300000| Complete 

Card table byte_map: [0x0000025775fb0000,0x0000025776370000] _byte_map_base: 0x0000025775b66000

Marking Bits (Prev, Next): (CMBitMap*) 0x00000257606d9c28, (CMBitMap*) 0x00000257606d9c60
 Prev Bits: [0x0000025776730000, 0x00000257784e0000)
 Next Bits: [0x00000257784e0000, 0x000002577a290000)

Polling page: 0x0000025761f30000

Metaspace:

Usage:
  Non-class:     30.91 MB capacity,    30.22 MB ( 98%) used,   585.55 KB (  2%) free+waste,   119.50 KB ( <1%) overhead. 
      Class:      4.40 MB capacity,     3.98 MB ( 90%) used,   381.04 KB (  8%) free+waste,    57.06 KB (  1%) overhead. 
       Both:     35.31 MB capacity,    34.20 MB ( 97%) used,   966.59 KB (  3%) free+waste,   176.56 KB ( <1%) overhead. 

Virtual space:
  Non-class space:       32.00 MB reserved,      30.92 MB ( 97%) committed 
      Class space:        1.00 GB reserved,       4.50 MB ( <1%) committed 
             Both:        1.03 GB reserved,      35.42 MB (  3%) committed 

Chunk freelists:
   Non-Class:  13.00 KB
       Class:  3.00 KB
        Both:  16.00 KB

MaxMetaspaceSize: 17179869184.00 GB
CompressedClassSpaceSize: 1.00 GB

CodeHeap 'non-profiled nmethods': size=120000Kb used=2703Kb max_used=2703Kb free=117296Kb
 bounds [0x000002576da30000, 0x000002576dce0000, 0x0000025774f60000]
CodeHeap 'profiled nmethods': size=120000Kb used=10965Kb max_used=10965Kb free=109034Kb
 bounds [0x0000025766500000, 0x0000025766fd0000, 0x000002576da30000]
CodeHeap 'non-nmethods': size=5760Kb used=1202Kb max_used=1258Kb free=4557Kb
 bounds [0x0000025765f60000, 0x00000257661d0000, 0x0000025766500000]
 total_blobs=7660 nmethods=4915 adapters=460
 compilation: enabled
              stopped_count=0, restarted_count=0
 full_count=0

Compilation events (20 events):
Event: 999.548 Thread 0x000002577cf4c800 nmethod 5594 0x0000025766fbbf90 code [0x0000025766fbc180, 0x0000025766fbc7c0]
Event: 1006.444 Thread 0x000002577cf4c800 5595       3       java.util.concurrent.ThreadPoolExecutor$Worker::tryAcquire (20 bytes)
Event: 1006.445 Thread 0x000002577cf4c800 nmethod 5595 0x0000025766fbc910 code [0x0000025766fbcb40, 0x0000025766fbd2a0]
Event: 1011.476 Thread 0x000002577cf4c800 5596       3       java.util.concurrent.ThreadPoolExecutor$Worker::lock (6 bytes)
Event: 1011.477 Thread 0x000002577cf4c800 nmethod 5596 0x0000025766fbd510 code [0x0000025766fbd780, 0x0000025766fbe1d0]
Event: 1011.477 Thread 0x000002577cf4c800 5597       3       java.util.concurrent.ThreadPoolExecutor::beforeExecute (1 bytes)
Event: 1011.477 Thread 0x000002577cf4c800 nmethod 5597 0x0000025766fbe590 code [0x0000025766fbe740, 0x0000025766fbe8b8]
Event: 1011.497 Thread 0x000002577cf4c800 5598       3       java.util.concurrent.ScheduledThreadPoolExecutor$DelayedWorkQueue::add (9 bytes)
Event: 1011.497 Thread 0x000002577cf4c800 nmethod 5598 0x0000025766fbe990 code [0x0000025766fbeb60, 0x0000025766fbeed0]
Event: 1011.497 Thread 0x000002577cf4c800 5599       3       java.util.concurrent.ScheduledThreadPoolExecutor$DelayedWorkQueue::add (6 bytes)
Event: 1011.497 Thread 0x000002577cf4c800 nmethod 5599 0x0000025766fbef90 code [0x0000025766fbf140, 0x0000025766fbf310]
Event: 1016.526 Thread 0x000002577cf4c800 5600       3       java.util.concurrent.ThreadPoolExecutor::afterExecute (1 bytes)
Event: 1016.526 Thread 0x000002577cf4c800 nmethod 5600 0x0000025766fbf390 code [0x0000025766fbf540, 0x0000025766fbf6b8]
Event: 1026.608 Thread 0x000002577cf4c800 5601       3       java.util.concurrent.ScheduledThreadPoolExecutor$ScheduledFutureTask::run (57 bytes)
Event: 1026.608 Thread 0x000002577cf4c800 nmethod 5601 0x0000025766fbf790 code [0x0000025766fbf9c0, 0x0000025766fbfea0]
Event: 1031.665 Thread 0x000002577cf4c800 5602       3       java.util.concurrent.locks.AbstractQueuedSynchronizer$ConditionObject::checkInterruptWhileWaiting (27 bytes)
Event: 1031.667 Thread 0x000002577cf4c800 nmethod 5602 0x0000025766fc0010 code [0x0000025766fc02c0, 0x0000025766fc0e10]
Event: 1031.685 Thread 0x000002577cf4c800 5603       3       java.util.concurrent.ScheduledThreadPoolExecutor::triggerTime (22 bytes)
Event: 1031.685 Thread 0x000002577cf4c800 nmethod 5603 0x0000025766fc1210 code [0x0000025766fc13e0, 0x0000025766fc1630]
Event: 1036.710 Thread 0x000002577cf47800 5604       4       java.net.URI$Parser::parse (243 bytes)

GC Heap History (20 events):
Event: 2.959 GC heap before
{Heap before GC invocations=2 (full 0):
 garbage-first heap   total 122880K, used 73898K [0x0000000089400000, 0x0000000100000000)
  region size 1024K, 72 young (73728K), 5 survivors (5120K)
 Metaspace       used 12183K, capacity 12990K, committed 13056K, reserved 1060864K
  class space    used 1538K, capacity 1734K, committed 1792K, reserved 1048576K
}
Event: 2.969 GC heap after
{Heap after GC invocations=3 (full 0):
 garbage-first heap   total 122880K, used 7894K [0x0000000089400000, 0x0000000100000000)
  region size 1024K, 4 young (4096K), 4 survivors (4096K)
 Metaspace       used 12183K, capacity 12990K, committed 13056K, reserved 1060864K
  class space    used 1538K, capacity 1734K, committed 1792K, reserved 1048576K
}
Event: 4.589 GC heap before
{Heap before GC invocations=3 (full 0):
 garbage-first heap   total 122880K, used 77526K [0x0000000089400000, 0x0000000100000000)
  region size 1024K, 72 young (73728K), 4 survivors (4096K)
 Metaspace       used 19338K, capacity 20099K, committed 20224K, reserved 1067008K
  class space    used 2504K, capacity 2792K, committed 2816K, reserved 1048576K
}
Event: 4.596 GC heap after
{Heap after GC invocations=4 (full 0):
 garbage-first heap   total 122880K, used 9542K [0x0000000089400000, 0x0000000100000000)
  region size 1024K, 6 young (6144K), 6 survivors (6144K)
 Metaspace       used 19338K, capacity 20099K, committed 20224K, reserved 1067008K
  class space    used 2504K, capacity 2792K, committed 2816K, reserved 1048576K
}
Event: 4.868 GC heap before
{Heap before GC invocations=4 (full 0):
 garbage-first heap   total 122880K, used 21830K [0x0000000089400000, 0x0000000100000000)
  region size 1024K, 19 young (19456K), 6 survivors (6144K)
 Metaspace       used 20335K, capacity 21127K, committed 21296K, reserved 1067008K
  class space    used 2632K, capacity 2919K, committed 2944K, reserved 1048576K
}
Event: 4.879 GC heap after
{Heap after GC invocations=5 (full 0):
 garbage-first heap   total 122880K, used 10139K [0x0000000089400000, 0x0000000100000000)
  region size 1024K, 5 young (5120K), 5 survivors (5120K)
 Metaspace       used 20335K, capacity 21127K, committed 21296K, reserved 1067008K
  class space    used 2632K, capacity 2919K, committed 2944K, reserved 1048576K
}
Event: 6.186 GC heap before
{Heap before GC invocations=6 (full 0):
 garbage-first heap   total 122880K, used 79771K [0x0000000089400000, 0x0000000100000000)
  region size 1024K, 72 young (73728K), 5 survivors (5120K)
 Metaspace       used 27177K, capacity 28191K, committed 28336K, reserved 1073152K
  class space    used 3407K, capacity 3810K, committed 3840K, reserved 1048576K
}
Event: 6.198 GC heap after
{Heap after GC invocations=7 (full 0):
 garbage-first heap   total 147456K, used 20843K [0x0000000089400000, 0x0000000100000000)
  region size 1024K, 9 young (9216K), 9 survivors (9216K)
 Metaspace       used 27177K, capacity 28191K, committed 28336K, reserved 1073152K
  class space    used 3407K, capacity 3810K, committed 3840K, reserved 1048576K
}
Event: 7.380 GC heap before
{Heap before GC invocations=7 (full 0):
 garbage-first heap   total 147456K, used 102763K [0x0000000089400000, 0x0000000100000000)
  region size 1024K, 86 young (88064K), 9 survivors (9216K)
 Metaspace       used 33151K, capacity 34232K, committed 34352K, reserved 1079296K
  class space    used 3948K, capacity 4394K, committed 4480K, reserved 1048576K
}
Event: 7.389 GC heap after
{Heap after GC invocations=8 (full 0):
 garbage-first heap   total 147456K, used 27520K [0x0000000089400000, 0x0000000100000000)
  region size 1024K, 6 young (6144K), 6 survivors (6144K)
 Metaspace       used 33151K, capacity 34232K, committed 34352K, reserved 1079296K
  class space    used 3948K, capacity 4394K, committed 4480K, reserved 1048576K
}
Event: 226.478 GC heap before
{Heap before GC invocations=8 (full 0):
 garbage-first heap   total 147456K, used 111488K [0x0000000089400000, 0x0000000100000000)
  region size 1024K, 85 young (87040K), 6 survivors (6144K)
 Metaspace       used 33825K, capacity 34903K, committed 35120K, reserved 1079296K
  class space    used 3999K, capacity 4440K, committed 4480K, reserved 1048576K
}
Event: 226.507 GC heap after
{Heap after GC invocations=9 (full 0):
 garbage-first heap   total 147456K, used 27536K [0x0000000089400000, 0x0000000100000000)
  region size 1024K, 6 young (6144K), 6 survivors (6144K)
 Metaspace       used 33825K, capacity 34903K, committed 35120K, reserved 1079296K
  class space    used 3999K, capacity 4440K, committed 4480K, reserved 1048576K
}
Event: 518.085 GC heap before
{Heap before GC invocations=9 (full 0):
 garbage-first heap   total 147456K, used 109456K [0x0000000089400000, 0x0000000100000000)
  region size 1024K, 86 young (88064K), 6 survivors (6144K)
 Metaspace       used 33895K, capacity 34970K, committed 35120K, reserved 1079296K
  class space    used 3999K, capacity 4440K, committed 4480K, reserved 1048576K
}
Event: 518.090 GC heap after
{Heap after GC invocations=10 (full 0):
 garbage-first heap   total 147456K, used 27253K [0x0000000089400000, 0x0000000100000000)
  region size 1024K, 6 young (6144K), 6 survivors (6144K)
 Metaspace       used 33895K, capacity 34970K, committed 35120K, reserved 1079296K
  class space    used 3999K, capacity 4440K, committed 4480K, reserved 1048576K
}
Event: 609.798 GC heap before
{Heap before GC invocations=10 (full 0):
 garbage-first heap   total 147456K, used 103029K [0x0000000089400000, 0x0000000100000000)
  region size 1024K, 74 young (75776K), 6 survivors (6144K)
 Metaspace       used 34519K, capacity 35587K, committed 35632K, reserved 1081344K
  class space    used 4037K, capacity 4470K, committed 4480K, reserved 1048576K
}
Event: 609.809 GC heap after
{Heap after GC invocations=11 (full 0):
 garbage-first heap   total 147456K, used 27998K [0x0000000089400000, 0x0000000100000000)
  region size 1024K, 7 young (7168K), 7 survivors (7168K)
 Metaspace       used 34519K, capacity 35587K, committed 35632K, reserved 1081344K
  class space    used 4037K, capacity 4470K, committed 4480K, reserved 1048576K
}
Event: 742.241 GC heap before
{Heap before GC invocations=12 (full 0):
 garbage-first heap   total 147456K, used 116062K [0x0000000089400000, 0x0000000100000000)
  region size 1024K, 86 young (88064K), 7 survivors (7168K)
 Metaspace       used 34950K, capacity 36096K, committed 36272K, reserved 1081344K
  class space    used 4070K, capacity 4509K, committed 4608K, reserved 1048576K
}
Event: 742.258 GC heap after
{Heap after GC invocations=13 (full 0):
 garbage-first heap   total 147456K, used 30452K [0x0000000089400000, 0x0000000100000000)
  region size 1024K, 6 young (6144K), 6 survivors (6144K)
 Metaspace       used 34950K, capacity 36096K, committed 36272K, reserved 1081344K
  class space    used 4070K, capacity 4509K, committed 4608K, reserved 1048576K
}
Event: 888.744 GC heap before
{Heap before GC invocations=13 (full 0):
 garbage-first heap   total 147456K, used 119540K [0x0000000089400000, 0x0000000100000000)
  region size 1024K, 86 young (88064K), 6 survivors (6144K)
 Metaspace       used 34964K, capacity 36096K, committed 36272K, reserved 1081344K
  class space    used 4070K, capacity 4509K, committed 4608K, reserved 1048576K
}
Event: 888.770 GC heap after
{Heap after GC invocations=14 (full 0):
 garbage-first heap   total 147456K, used 32716K [0x0000000089400000, 0x0000000100000000)
  region size 1024K, 6 young (6144K), 6 survivors (6144K)
 Metaspace       used 34964K, capacity 36096K, committed 36272K, reserved 1081344K
  class space    used 4070K, capacity 4509K, committed 4608K, reserved 1048576K
}

Deoptimization events (20 events):
Event: 735.129 Thread 0x000002577db4c800 DEOPT PACKING pc=0x000002576db22110 sp=0x000000663f1fe370
Event: 735.129 Thread 0x000002577db4c800 DEOPT UNPACKING pc=0x0000025765f8922f sp=0x000000663f1fe248 mode 2
Event: 830.259 Thread 0x000002577e8fa000 Uncommon trap: trap_request=0xffffffbe fr.pc=0x000002576dcb97cc relative=0x00000000000007ec
Event: 830.259 Thread 0x000002577e8fa000 Uncommon trap: reason=profile_predicate action=maybe_recompile pc=0x000002576dcb97cc method=jdk.internal.module.Checks.isJavaIdentifier(Ljava/lang/String;)Z @ 46 c2
Event: 830.259 Thread 0x000002577e8fa000 DEOPT PACKING pc=0x000002576dcb97cc sp=0x00000066415fe8e0
Event: 830.259 Thread 0x000002577e8fa000 DEOPT UNPACKING pc=0x0000025765f8922f sp=0x00000066415fe878 mode 2
Event: 830.259 Thread 0x000002577e8fa000 Uncommon trap: trap_request=0xffffffbe fr.pc=0x000002576dcb97cc relative=0x00000000000007ec
Event: 830.259 Thread 0x000002577e8fa000 Uncommon trap: reason=profile_predicate action=maybe_recompile pc=0x000002576dcb97cc method=jdk.internal.module.Checks.isJavaIdentifier(Ljava/lang/String;)Z @ 46 c2
Event: 830.259 Thread 0x000002577e8fa000 DEOPT PACKING pc=0x000002576dcb97cc sp=0x00000066415fe8e0
Event: 830.259 Thread 0x000002577e8fa000 DEOPT UNPACKING pc=0x0000025765f8922f sp=0x00000066415fe878 mode 2
Event: 830.259 Thread 0x000002577e8fa000 Uncommon trap: trap_request=0xffffffbe fr.pc=0x000002576dcb97cc relative=0x00000000000007ec
Event: 830.259 Thread 0x000002577e8fa000 Uncommon trap: reason=profile_predicate action=maybe_recompile pc=0x000002576dcb97cc method=jdk.internal.module.Checks.isJavaIdentifier(Ljava/lang/String;)Z @ 46 c2
Event: 830.259 Thread 0x000002577e8fa000 DEOPT PACKING pc=0x000002576dcb97cc sp=0x00000066415fe8e0
Event: 830.259 Thread 0x000002577e8fa000 DEOPT UNPACKING pc=0x0000025765f8922f sp=0x00000066415fe878 mode 2
Event: 830.259 Thread 0x000002577e8fa000 Uncommon trap: trap_request=0xffffffbe fr.pc=0x000002576dcb97cc relative=0x00000000000007ec
Event: 830.259 Thread 0x000002577e8fa000 Uncommon trap: reason=profile_predicate action=maybe_recompile pc=0x000002576dcb97cc method=jdk.internal.module.Checks.isJavaIdentifier(Ljava/lang/String;)Z @ 46 c2
Event: 830.259 Thread 0x000002577e8fa000 DEOPT PACKING pc=0x000002576dcb97cc sp=0x00000066415fe8e0
Event: 830.259 Thread 0x000002577e8fa000 DEOPT UNPACKING pc=0x0000025765f8922f sp=0x00000066415fe878 mode 2
Event: 888.626 Thread 0x000002577db4c000 DEOPT PACKING pc=0x0000025766d69ff1 sp=0x0000006641dfd7b0
Event: 888.626 Thread 0x000002577db4c000 DEOPT UNPACKING pc=0x0000025765f8904e sp=0x0000006641dfcc78 mode 0

Classes redefined (0 events):
No events

Internal exceptions (20 events):
Event: 888.715 Thread 0x000002577db4c000 Exception <a 'sun/nio/fs/WindowsException'{0x000000008d705098}> (0x000000008d705098) thrown at [c:/BuildAgent/work/1eae4dac1d648407/src/hotspot/share/prims/jni.cpp, line 615]
Event: 888.715 Thread 0x000002577db4c000 Exception <a 'sun/nio/fs/WindowsException'{0x000000008d705878}> (0x000000008d705878) thrown at [c:/BuildAgent/work/1eae4dac1d648407/src/hotspot/share/prims/jni.cpp, line 615]
Event: 888.715 Thread 0x000002577db4c000 Exception <a 'sun/nio/fs/WindowsException'{0x000000008d705c78}> (0x000000008d705c78) thrown at [c:/BuildAgent/work/1eae4dac1d648407/src/hotspot/share/prims/jni.cpp, line 615]
Event: 888.715 Thread 0x000002577db4c000 Exception <a 'sun/nio/fs/WindowsException'{0x000000008d706c28}> (0x000000008d706c28) thrown at [c:/BuildAgent/work/1eae4dac1d648407/src/hotspot/share/prims/jni.cpp, line 615]
Event: 888.715 Thread 0x000002577db4c000 Exception <a 'sun/nio/fs/WindowsException'{0x000000008d707068}> (0x000000008d707068) thrown at [c:/BuildAgent/work/1eae4dac1d648407/src/hotspot/share/prims/jni.cpp, line 615]
Event: 888.717 Thread 0x000002577db4c000 Exception <a 'sun/nio/fs/WindowsException'{0x000000008d71de28}> (0x000000008d71de28) thrown at [c:/BuildAgent/work/1eae4dac1d648407/src/hotspot/share/prims/jni.cpp, line 615]
Event: 888.717 Thread 0x000002577db4c000 Exception <a 'sun/nio/fs/WindowsException'{0x000000008d71e6e8}> (0x000000008d71e6e8) thrown at [c:/BuildAgent/work/1eae4dac1d648407/src/hotspot/share/prims/jni.cpp, line 615]
Event: 888.717 Thread 0x000002577db4c000 Exception <a 'sun/nio/fs/WindowsException'{0x000000008d71eb58}> (0x000000008d71eb58) thrown at [c:/BuildAgent/work/1eae4dac1d648407/src/hotspot/share/prims/jni.cpp, line 615]
Event: 888.717 Thread 0x000002577db4c000 Exception <a 'sun/nio/fs/WindowsException'{0x000000008d71fb78}> (0x000000008d71fb78) thrown at [c:/BuildAgent/work/1eae4dac1d648407/src/hotspot/share/prims/jni.cpp, line 615]
Event: 888.717 Thread 0x000002577db4c000 Exception <a 'sun/nio/fs/WindowsException'{0x000000008d720028}> (0x000000008d720028) thrown at [c:/BuildAgent/work/1eae4dac1d648407/src/hotspot/share/prims/jni.cpp, line 615]
Event: 888.802 Thread 0x000002577db4c000 Exception <a 'sun/nio/fs/WindowsException'{0x0000000091ec32e8}> (0x0000000091ec32e8) thrown at [c:/BuildAgent/work/1eae4dac1d648407/src/hotspot/share/prims/jni.cpp, line 615]
Event: 888.802 Thread 0x000002577db4c000 Exception <a 'sun/nio/fs/WindowsException'{0x0000000091ec3b80}> (0x0000000091ec3b80) thrown at [c:/BuildAgent/work/1eae4dac1d648407/src/hotspot/share/prims/jni.cpp, line 615]
Event: 888.802 Thread 0x000002577db4c000 Exception <a 'sun/nio/fs/WindowsException'{0x0000000091ec3fd0}> (0x0000000091ec3fd0) thrown at [c:/BuildAgent/work/1eae4dac1d648407/src/hotspot/share/prims/jni.cpp, line 615]
Event: 888.802 Thread 0x000002577db4c000 Exception <a 'sun/nio/fs/WindowsException'{0x0000000091ec4fe0}> (0x0000000091ec4fe0) thrown at [c:/BuildAgent/work/1eae4dac1d648407/src/hotspot/share/prims/jni.cpp, line 615]
Event: 888.803 Thread 0x000002577db4c000 Exception <a 'sun/nio/fs/WindowsException'{0x0000000091ec5480}> (0x0000000091ec5480) thrown at [c:/BuildAgent/work/1eae4dac1d648407/src/hotspot/share/prims/jni.cpp, line 615]
Event: 888.803 Thread 0x000002577db4c000 Exception <a 'sun/nio/fs/WindowsException'{0x0000000091ec6208}> (0x0000000091ec6208) thrown at [c:/BuildAgent/work/1eae4dac1d648407/src/hotspot/share/prims/jni.cpp, line 615]
Event: 888.803 Thread 0x000002577db4c000 Exception <a 'sun/nio/fs/WindowsException'{0x0000000091ec69e8}> (0x0000000091ec69e8) thrown at [c:/BuildAgent/work/1eae4dac1d648407/src/hotspot/share/prims/jni.cpp, line 615]
Event: 888.803 Thread 0x000002577db4c000 Exception <a 'sun/nio/fs/WindowsException'{0x0000000091ec6de8}> (0x0000000091ec6de8) thrown at [c:/BuildAgent/work/1eae4dac1d648407/src/hotspot/share/prims/jni.cpp, line 615]
Event: 888.803 Thread 0x000002577db4c000 Exception <a 'sun/nio/fs/WindowsException'{0x0000000091ec7d98}> (0x0000000091ec7d98) thrown at [c:/BuildAgent/work/1eae4dac1d648407/src/hotspot/share/prims/jni.cpp, line 615]
Event: 888.803 Thread 0x000002577db4c000 Exception <a 'sun/nio/fs/WindowsException'{0x0000000091ec81d8}> (0x0000000091ec81d8) thrown at [c:/BuildAgent/work/1eae4dac1d648407/src/hotspot/share/prims/jni.cpp, line 615]

Events (20 events):
Event: 735.130 loading class reactor/core/scheduler/ElasticScheduler$ScheduledExecutorServiceExpiry done
Event: 742.079 loading class org/eclipse/lsp4j/DidSaveTextDocumentParams
Event: 742.079 loading class org/eclipse/lsp4j/DidSaveTextDocumentParams done
Event: 742.079 loading class org/springframework/ide/vscode/commons/languageserver/util/SimpleTextDocumentService
Event: 742.079 loading class org/springframework/ide/vscode/commons/languageserver/util/SimpleTextDocumentService done
Event: 742.102 Loaded shared library C:\Program Files\JetBrains\IntelliJ IDEA 2020.1\jbr\bin\zip.dll
Event: 742.103 Loaded shared library C:\Program Files\JetBrains\IntelliJ IDEA 2020.1\jbr\bin\zip.dll
Event: 742.104 Loaded shared library C:\Program Files\JetBrains\IntelliJ IDEA 2020.1\jbr\bin\zip.dll
Event: 742.104 Loaded shared library C:\Program Files\JetBrains\IntelliJ IDEA 2020.1\jbr\bin\zip.dll
Event: 742.241 Executing VM operation: G1CollectForAllocation
Event: 742.258 Executing VM operation: G1CollectForAllocation done
Event: 742.289 Executing VM operation: RevokeBias
Event: 742.289 Executing VM operation: RevokeBias done
Event: 855.121 Executing VM operation: RevokeBias
Event: 855.121 Executing VM operation: RevokeBias done
Event: 855.122 Thread 0x000002577db4c800 Thread exited: 0x000002577db4c800
Event: 888.743 Executing VM operation: G1CollectForAllocation
Event: 888.771 Executing VM operation: G1CollectForAllocation done
Event: 888.971 Executing VM operation: RevokeBias
Event: 888.971 Executing VM operation: RevokeBias done


Dynamic libraries:
0x00007ff729c10000 - 0x00007ff729c1a000 	C:\Program Files\JetBrains\IntelliJ IDEA 2020.1\jbr\bin\java.exe
0x00007fff2f7a0000 - 0x00007fff2f9a9000 	C:\WINDOWS\SYSTEM32\ntdll.dll
0x00007fff2e1e0000 - 0x00007fff2e29d000 	C:\WINDOWS\System32\KERNEL32.DLL
0x00007fff2d0b0000 - 0x00007fff2d42b000 	C:\WINDOWS\System32\KERNELBASE.dll
0x00007fff2cea0000 - 0x00007fff2cfb1000 	C:\WINDOWS\System32\ucrtbase.dll
0x00007fff266b0000 - 0x00007fff266c7000 	C:\Program Files\JetBrains\IntelliJ IDEA 2020.1\jbr\bin\VCRUNTIME140.dll
0x00007fff1ee40000 - 0x00007fff1ee59000 	C:\Program Files\JetBrains\IntelliJ IDEA 2020.1\jbr\bin\jli.dll
0x00007fff2d660000 - 0x00007fff2d80d000 	C:\WINDOWS\System32\USER32.dll
0x00007fff1c120000 - 0x00007fff1c3c5000 	C:\WINDOWS\WinSxS\amd64_microsoft.windows.common-controls_6595b64144ccf1df_6.0.22000.120_none_9d947278b86cc467\COMCTL32.dll
0x00007fff2d430000 - 0x00007fff2d456000 	C:\WINDOWS\System32\win32u.dll
0x00007fff2e3b0000 - 0x00007fff2e453000 	C:\WINDOWS\System32\msvcrt.dll
0x00007fff2ea80000 - 0x00007fff2eaa9000 	C:\WINDOWS\System32\GDI32.dll
0x00007fff2d460000 - 0x00007fff2d578000 	C:\WINDOWS\System32\gdi32full.dll
0x00007fff2d580000 - 0x00007fff2d61d000 	C:\WINDOWS\System32\msvcp_win.dll
0x00007fff2d620000 - 0x00007fff2d651000 	C:\WINDOWS\System32\IMM32.DLL
0x00007fff1eda0000 - 0x00007fff1ee3d000 	C:\Program Files\JetBrains\IntelliJ IDEA 2020.1\jbr\bin\msvcp140.dll
0x00007ffea8b40000 - 0x00007ffea95fd000 	C:\Program Files\JetBrains\IntelliJ IDEA 2020.1\jbr\bin\server\jvm.dll
0x00007fff2e300000 - 0x00007fff2e3ae000 	C:\WINDOWS\System32\ADVAPI32.dll
0x00007fff2d9e0000 - 0x00007fff2da7e000 	C:\WINDOWS\System32\sechost.dll
0x00007fff2f500000 - 0x00007fff2f620000 	C:\WINDOWS\System32\RPCRT4.dll
0x00007fff2d8a0000 - 0x00007fff2d8a8000 	C:\WINDOWS\System32\PSAPI.DLL
0x00007fff153f0000 - 0x00007fff153f9000 	C:\WINDOWS\SYSTEM32\WSOCK32.dll
0x00007fff2a940000 - 0x00007fff2a973000 	C:\WINDOWS\SYSTEM32\WINMM.dll
0x00007fff25de0000 - 0x00007fff25dea000 	C:\WINDOWS\SYSTEM32\VERSION.dll
0x00007fff2f6d0000 - 0x00007fff2f73f000 	C:\WINDOWS\System32\WS2_32.dll
0x00007fff2bcb0000 - 0x00007fff2bcc8000 	C:\WINDOWS\SYSTEM32\kernel.appcore.dll
0x00007fff26760000 - 0x00007fff26771000 	C:\Program Files\JetBrains\IntelliJ IDEA 2020.1\jbr\bin\verify.dll
0x00007fff2a710000 - 0x00007fff2a931000 	C:\WINDOWS\SYSTEM32\DBGHELP.DLL
0x00007fff2a6d0000 - 0x00007fff2a701000 	C:\WINDOWS\SYSTEM32\dbgcore.DLL
0x00007fff2cfc0000 - 0x00007fff2d03f000 	C:\WINDOWS\System32\bcryptPrimitives.dll
0x00007fff1ee60000 - 0x00007fff1ee89000 	C:\Program Files\JetBrains\IntelliJ IDEA 2020.1\jbr\bin\java.dll
0x00007fff1e380000 - 0x00007fff1e398000 	C:\Program Files\JetBrains\IntelliJ IDEA 2020.1\jbr\bin\zip.dll
0x00007fff272c0000 - 0x00007fff272cb000 	C:\Program Files\JetBrains\IntelliJ IDEA 2020.1\jbr\bin\jimage.dll
0x00007fff2eb20000 - 0x00007fff2f2d8000 	C:\WINDOWS\System32\SHELL32.dll
0x00007fff2ad20000 - 0x00007fff2b585000 	C:\WINDOWS\SYSTEM32\windows.storage.dll
0x00007fff2e700000 - 0x00007fff2ea77000 	C:\WINDOWS\System32\combase.dll
0x00007fff2abb0000 - 0x00007fff2ad16000 	C:\WINDOWS\SYSTEM32\wintypes.dll
0x00007fff2e610000 - 0x00007fff2e6fa000 	C:\WINDOWS\System32\SHCORE.dll
0x00007fff2eab0000 - 0x00007fff2eb0d000 	C:\WINDOWS\System32\shlwapi.dll
0x00007fff2cba0000 - 0x00007fff2cbc1000 	C:\WINDOWS\SYSTEM32\profapi.dll
0x00007fff1dd60000 - 0x00007fff1dd7a000 	C:\Program Files\JetBrains\IntelliJ IDEA 2020.1\jbr\bin\net.dll
0x00007fff26ba0000 - 0x00007fff26cac000 	C:\WINDOWS\SYSTEM32\WINHTTP.dll
0x00007fff2c150000 - 0x00007fff2c1b7000 	C:\WINDOWS\system32\mswsock.dll
0x00007fff1dc70000 - 0x00007fff1dc84000 	C:\Program Files\JetBrains\IntelliJ IDEA 2020.1\jbr\bin\nio.dll
0x00007fff26a70000 - 0x00007fff26a7a000 	C:\Program Files\JetBrains\IntelliJ IDEA 2020.1\jbr\bin\management.dll
0x00007fff26a20000 - 0x00007fff26a2c000 	C:\Program Files\JetBrains\IntelliJ IDEA 2020.1\jbr\bin\management_ext.dll
0x00007fff10e90000 - 0x00007fff10ea7000 	C:\WINDOWS\system32\napinsp.dll
0x00007fff10ad0000 - 0x00007fff10aeb000 	C:\WINDOWS\system32\pnrpnsp.dll
0x00007fff2b850000 - 0x00007fff2b938000 	C:\WINDOWS\SYSTEM32\DNSAPI.dll
0x00007fff2b820000 - 0x00007fff2b84d000 	C:\WINDOWS\SYSTEM32\IPHLPAPI.DLL
0x00007fff2d810000 - 0x00007fff2d819000 	C:\WINDOWS\System32\NSI.dll
0x00007fff10900000 - 0x00007fff10912000 	C:\WINDOWS\System32\winrnr.dll
0x00007fff25df0000 - 0x00007fff25e05000 	C:\WINDOWS\system32\wshbth.dll
0x00007fff108e0000 - 0x00007fff108ff000 	C:\WINDOWS\system32\nlansp_c.dll
0x00007fff239b0000 - 0x00007fff239ba000 	C:\Windows\System32\rasadhlp.dll
0x00007fff24c30000 - 0x00007fff24cb1000 	C:\WINDOWS\System32\fwpuclnt.dll
0x00007fff2c370000 - 0x00007fff2c388000 	C:\WINDOWS\SYSTEM32\CRYPTSP.dll
0x00007fff2bc10000 - 0x00007fff2bc45000 	C:\WINDOWS\system32\rsaenh.dll
0x00007fff2c210000 - 0x00007fff2c239000 	C:\WINDOWS\SYSTEM32\USERENV.dll
0x00007fff2c5d0000 - 0x00007fff2c5f7000 	C:\WINDOWS\SYSTEM32\bcrypt.dll
0x00007fff2c390000 - 0x00007fff2c39c000 	C:\WINDOWS\SYSTEM32\CRYPTBASE.dll
0x00007fff26aa0000 - 0x00007fff26ab9000 	C:\WINDOWS\SYSTEM32\dhcpcsvc6.DLL
0x00007fff271e0000 - 0x00007fff271fe000 	C:\WINDOWS\SYSTEM32\dhcpcsvc.DLL
0x00007fff1ed80000 - 0x00007fff1ed8a000 	C:\Program Files\JetBrains\IntelliJ IDEA 2020.1\jbr\bin\attach.dll

dbghelp: loaded successfully - version: 4.0.5 - missing functions: none
symbol engine: initialized successfully - sym options: 0x614 - pdb path: .;C:\Program Files\JetBrains\IntelliJ IDEA 2020.1\jbr\bin;C:\WINDOWS\SYSTEM32;C:\WINDOWS\WinSxS\amd64_microsoft.windows.common-controls_6595b64144ccf1df_6.0.22000.120_none_9d947278b86cc467;C:\Program Files\JetBrains\IntelliJ IDEA 2020.1\jbr\bin\server

VM Arguments:
java_command: C:\Users\LongTran\AppData\Roaming\JetBrains\IntelliJIdea2020.1\plugins\idea-spring-tools\lib\server\language-server.jar
java_class_path (initial): C:\Users\LongTran\AppData\Roaming\JetBrains\IntelliJIdea2020.1\plugins\idea-spring-tools\lib\server\language-server.jar
Launcher Type: SUN_STANDARD

[Global flags]
     intx CICompilerCount                          = 4                                         {product} {ergonomic}
     uint ConcGCThreads                            = 3                                         {product} {ergonomic}
     uint G1ConcRefinementThreads                  = 10                                        {product} {ergonomic}
   size_t G1HeapRegionSize                         = 1048576                                   {product} {ergonomic}
    uintx GCDrainStackTargetSize                   = 64                                        {product} {ergonomic}
   size_t InitialHeapSize                          = 125829120                                 {product} {ergonomic}
   size_t MarkStackSize                            = 4194304                                   {product} {ergonomic}
   size_t MaxHeapSize                              = 1992294400                                {product} {ergonomic}
   size_t MaxNewSize                               = 1195376640                                {product} {ergonomic}
   size_t MinHeapDeltaBytes                        = 1048576                                   {product} {ergonomic}
    uintx NonNMethodCodeHeapSize                   = 5836300                                {pd product} {ergonomic}
    uintx NonProfiledCodeHeapSize                  = 122910970                              {pd product} {ergonomic}
    uintx ProfiledCodeHeapSize                     = 122910970                              {pd product} {ergonomic}
    uintx ReservedCodeCacheSize                    = 251658240                              {pd product} {ergonomic}
     bool SegmentedCodeCache                       = true                                      {product} {ergonomic}
     bool UseCompressedClassPointers               = true                                 {lp64_product} {ergonomic}
     bool UseCompressedOops                        = true                                 {lp64_product} {ergonomic}
     bool UseG1GC                                  = true                                      {product} {ergonomic}
     bool UseLargePagesIndividualAllocation        = false                                  {pd product} {ergonomic}

Logging:
Log output configuration:
 #0: stdout all=warning uptime,level,tags
 #1: stderr all=off uptime,level,tags

Environment Variables:
JAVA_HOME=C:\Program Files\Amazon Corretto\jdk11.0.11_9
PATH=C:\Python39\Scripts\;C:\Python39\;C:\Program Files\Amazon Corretto\jdk11.0.11_9\bin;C:\Program Files\Common Files\Oracle\Java\javapath;C:\Program Files (x86)\Common Files\Oracle\Java\javapath;C:\Program Files\AdoptOpenJDK\jdk-11.0.11.9-hotspot\bin;C:\Windows\system32;C:\Windows;C:\Windows\System32\Wbem;C:\Windows\System32\WindowsPowerShell\v1.0\;C:\Windows\System32\OpenSSH\;C:\Program Files (x86)\NVIDIA Corporation\PhysX\Common;C:\Program Files\NVIDIA Corporation\NVIDIA NvDLISR;C:\WINDOWS\system32;C:\WINDOWS;C:\WINDOWS\System32\Wbem;C:\WINDOWS\System32\WindowsPowerShell\v1.0\;C:\WINDOWS\System32\OpenSSH\;C:\Program Files\Git\cmd;C:\Program Files\SourceGear\Common\DiffMerge\;C:\Program Files\Amazon\AWSCLIV2\;C:\ProgramData\chocolatey\bin;C:\Program Files\Docker\Docker\resources\bin;C:\ProgramData\DockerDesktop\version-bin;C:\Program Files\Microsoft SQL Server\150\Tools\Binn\;C:\Program Files\Microsoft SQL Server\Client SDK\ODBC\170\Tools\Binn\;C:\Program Files\dotnet\;%NVM_HOME%;%NVM_SYMLINK%;C:\WINDOWS\system32;C:\WINDOWS;C:\WINDOWS\System32\Wbem;C:\WINDOWS\System32\WindowsPowerShell\v1.0\;C:\WINDOWS\System32\OpenSSH\;C:\Program Files\MySQL\MySQL Shell 8.0\bin\;C:\Users\LongTran\AppData\Local\Microsoft\WindowsApps;C:\Users\LongTran\AppData\Local\GitHubDesktop\bin;C:\Users\LongTran\AppData\Local\Programs\Microsoft VS Code\bin;C:\Users\LongTran\AppData\Roaming\npm;C:\kafka_2.12-2.8.1\bin\windows;C:\Users\LongTran\AppData\Local\Programs\Python\Python38\Scripts;C:\Users\LongTran\.dotnet\tools;C:\Users\LongTran\AppData\Roaming\nvm;C:\Program Files\nodejs;
USERNAME=LongTran
OS=Windows_NT
PROCESSOR_IDENTIFIER=AMD64 Family 23 Model 96 Stepping 1, AuthenticAMD



---------------  S Y S T E M  ---------------

OS: Windows 10 , 64 bit Build 22000 (10.0.22000.708)
HyperV virtualization detected

CPU:total 12 (initial active 12) (12 cores per cpu, 2 threads per core) family 23 model 96 stepping 1, cmov, cx8, fxsr, mmx, sse, sse2, sse3, ssse3, sse4.1, sse4.2, popcnt, avx, avx2, aes, clmul, mmxext, 3dnowpref, lzcnt, sse4a, ht, tsc, tscinvbit, tscinv, bmi1, bmi2, adx, sha, fma

Memory: 4k page, system-wide physical 7597M (540M free)
TotalPageFile size 31149M (AvailPageFile size 0M)
current process WorkingSet (physical memory assigned to process): 125M, peak: 260M
current process commit charge ("private bytes"): 290M, peak: 322M

vm_info: OpenJDK 64-Bit Server VM (11.0.6+8-b765.25) for windows-amd64 JRE (11.0.6+8-b765.25), built on Mar 30 2020 12:57:22 by "" with MS VC++ 14.0 (VS2015)

END.
