#
# There is insufficient memory for the Java Runtime Environment to continue.
# Native memory allocation (malloc) failed to allocate 1048576 bytes for AllocateHeap
# Possible reasons:
#   The system is out of physical RAM or swap space
#   The process is running with CompressedOops enabled, and the Java Heap may be blocking the growth of the native heap
# Possible solutions:
#   Reduce memory load on the system
#   Increase physical memory or swap space
#   Check if swap backing store is full
#   Decrease Java heap size (-Xmx/-Xms)
#   Decrease number of Java threads
#   Decrease Java thread stack sizes (-Xss)
#   Set larger code cache with -XX:ReservedCodeCacheSize=
#   JVM is running with Unscaled Compressed Oops mode in which the Java heap is
#     placed in the first 4GB address space. The Java Heap base address is the
#     maximum limit for the native heap growth. Please use -XX:HeapBaseMinAddress
#     to set the Java Heap base and to place the Java Heap above 4GB virtual address.
# This output file may be truncated or incomplete.
#
#  Out of Memory Error (./src/hotspot/share/memory/allocation.cpp:46), pid=27644, tid=2872
#
# JRE version: OpenJDK Runtime Environment Corretto-11.0.11.9.1 (11.0.11+9) (build 11.0.11+9-LTS)
# Java VM: OpenJDK 64-Bit Server VM Corretto-11.0.11.9.1 (11.0.11+9-LTS, mixed mode, tiered, compressed oops, g1 gc, windows-amd64)
# No core dump will be written. Minidumps are not enabled by default on client versions of Windows
#

---------------  S U M M A R Y ------------

Command Line: -XX:TieredStopAtLevel=1 -Xverify:none -Dspring.output.ansi.enabled=always -Dcom.sun.management.jmxremote -Dspring.jmx.enabled=true -Dspring.liveBeansView.mbeanDomain -Dspring.application.admin.enabled=true -javaagent:C:\Program Files\JetBrains\IntelliJ IDEA 2020.1\lib\idea_rt.jar=62586:C:\Program Files\JetBrains\IntelliJ IDEA 2020.1\bin -Dfile.encoding=UTF-8 com.shopme.ShopmeBackendApplication

Host: AMD Ryzen 5 4600HS with Radeon Graphics         , 12 cores, 7G,  Windows 10 , 64 bit Build 22000 (10.0.22000.708)
Time: Mon Nov  7 17:26:59 2022 SE Asia Standard Time elapsed time: 3.818068 seconds (0d 0h 0m 3s)

---------------  T H R E A D  ---------------

Current thread (0x000002cad9b70000):  VMThread "VM Thread" [stack: 0x000000ce72f00000,0x000000ce73000000] [id=2872]

Stack: [0x000000ce72f00000,0x000000ce73000000]
[error occurred during error reporting (printing stack bounds), id 0xc0000005, EXCEPTION_ACCESS_VIOLATION (0xc0000005) at pc=0x000002cac2b80f2d]

Native frames: (J=compiled Java code, j=interpreted, Vv=VM code, C=native code)
V  [jvm.dll+0x5f867a]
V  [jvm.dll+0x78124e]
V  [jvm.dll+0x78291f]
V  [jvm.dll+0x782f45]
V  [jvm.dll+0x782efb]
V  [jvm.dll+0x5f7b63]
V  [jvm.dll+0x5f8278]
C  [ntdll.dll+0xa8b1f]
C  [ntdll.dll+0x35b9a]
C  [ntdll.dll+0xa7b2e]
C  0x000002cac2b80f2d

VM_Operation (0x000000ce73dfaf70): CollectForMetadataAllocation, mode: safepoint, requested by thread 0x000002cadba48000


---------------  P R O C E S S  ---------------

Threads class SMR info:
_java_thread_list=0x000002cadc84ba80, length=19, elements={
0x000002cab8c90800, 0x000002cad9b73000, 0x000002cad9b9e800, 0x000002cada502800,
0x000002cad9bae000, 0x000002cad9bb2000, 0x000002cad9bb4800, 0x000002cad9bb6000,
0x000002cad9b2c800, 0x000002cada8bc800, 0x000002cadacf7000, 0x000002cadba46800,
0x000002cadba48000, 0x000002cadbb54800, 0x000002cadbbc5000, 0x000002cadc7dd000,
0x000002cadc841800, 0x000002cadc84a000, 0x000002cadc861000
}

Java Threads: ( => current thread )
  0x000002cab8c90800 JavaThread "main" [_thread_blocked, id=19580, stack(0x000000ce72900000,0x000000ce72a00000)]
  0x000002cad9b73000 JavaThread "Reference Handler" daemon [_thread_blocked, id=25748, stack(0x000000ce73000000,0x000000ce73100000)]
  0x000002cad9b9e800 JavaThread "Finalizer" daemon [_thread_blocked, id=15520, stack(0x000000ce73100000,0x000000ce73200000)]
  0x000002cada502800 JavaThread "Signal Dispatcher" daemon [_thread_blocked, id=1348, stack(0x000000ce73200000,0x000000ce73300000)]
  0x000002cad9bae000 JavaThread "Attach Listener" daemon [_thread_blocked, id=16060, stack(0x000000ce73300000,0x000000ce73400000)]
  0x000002cad9bb2000 JavaThread "Service Thread" daemon [_thread_blocked, id=26500, stack(0x000000ce73400000,0x000000ce73500000)]
  0x000002cad9bb4800 JavaThread "C1 CompilerThread0" daemon [_thread_blocked, id=20272, stack(0x000000ce73500000,0x000000ce73600000)]
  0x000002cad9bb6000 JavaThread "Sweeper thread" daemon [_thread_blocked, id=22392, stack(0x000000ce73600000,0x000000ce73700000)]
  0x000002cad9b2c800 JavaThread "Common-Cleaner" daemon [_thread_blocked, id=3924, stack(0x000000ce73700000,0x000000ce73800000)]
  0x000002cada8bc800 JavaThread "Monitor Ctrl-Break" daemon [_thread_in_native, id=27356, stack(0x000000ce73800000,0x000000ce73900000)]
  0x000002cadacf7000 JavaThread "RMI TCP Accept-0" daemon [_thread_in_native, id=21908, stack(0x000000ce73900000,0x000000ce73a00000)]
  0x000002cadba46800 JavaThread "Thread-0" [_thread_blocked, id=3608, stack(0x000000ce73c00000,0x000000ce73d00000)]
  0x000002cadba48000 JavaThread "restartedMain" [_thread_blocked, id=23856, stack(0x000000ce73d00000,0x000000ce73e00000)]
  0x000002cadbb54800 JavaThread "RMI TCP Connection(1)-172.16.128.197" daemon [_thread_in_native, id=18544, stack(0x000000ce73e00000,0x000000ce73f00000)]
  0x000002cadbbc5000 JavaThread "RMI Scheduler(0)" daemon [_thread_blocked, id=11424, stack(0x000000ce74300000,0x000000ce74400000)]
  0x000002cadc7dd000 JavaThread "Catalina-utility-1" [_thread_blocked, id=1628, stack(0x000000ce74400000,0x000000ce74500000)]
  0x000002cadc841800 JavaThread "Catalina-utility-2" [_thread_blocked, id=30440, stack(0x000000ce74900000,0x000000ce74a00000)]
  0x000002cadc84a000 JavaThread "container-0" [_thread_blocked, id=1976, stack(0x000000ce74a00000,0x000000ce74b00000)]
  0x000002cadc861000 JavaThread "mysql-cj-abandoned-connection-cleanup" daemon [_thread_blocked, id=22532, stack(0x000000ce74b00000,0x000000ce74c00000)]

Other Threads:
=>0x000002cad9b70000 VMThread "VM Thread" [stack: 0x000000ce72f00000,0x000000ce73000000] [id=2872]
  0x000002cadacfb800 WatcherThread [stack: 0x000000ce73a00000,0x000000ce73b00000] [id=15416]
  0x000002cab8cac800 GCTaskThread "GC Thread#0" [stack: 0x000000ce72a00000,0x000000ce72b00000] [id=23128]
  0x000002cadae1e800 GCTaskThread "GC Thread#1" [stack: 0x000000ce73b00000,0x000000ce73c00000] [id=17052]
  0x000002cadba99000 GCTaskThread "GC Thread#2" [stack: 0x000000ce73f00000,0x000000ce74000000] [id=14780]
  0x000002cadba9a000 GCTaskThread "GC Thread#3" [stack: 0x000000ce74000000,0x000000ce74100000] [id=4504]
  0x000002cadba9a800 GCTaskThread "GC Thread#4" [stack: 0x000000ce74100000,0x000000ce74200000] [id=18492]
  0x000002cadba9b000 GCTaskThread "GC Thread#5" [stack: 0x000000ce74200000,0x000000ce74300000] [id=25236]
  0x000002cadbc3e800 GCTaskThread "GC Thread#6" [stack: 0x000000ce74500000,0x000000ce74600000] [id=18352]
  0x000002cadbcf0000 GCTaskThread "GC Thread#7" [stack: 0x000000ce74600000,0x000000ce74700000] [id=31252]
  0x000002cadc8a0000 GCTaskThread "GC Thread#8" [stack: 0x000000ce74c00000,0x000000ce74d00000] [id=25716]
  0x000002cadc906800 GCTaskThread "GC Thread#9" [stack: 0x000000ce74d00000,0x000000ce74e00000] [id=12836]
  0x000002cab8cdb800 ConcurrentGCThread "G1 Main Marker" [stack: 0x000000ce72b00000,0x000000ce72c00000] [id=15664]
  0x000002cab8cdd800 ConcurrentGCThread "G1 Conc#0" [stack: 0x000000ce72c00000,0x000000ce72d00000] [id=30296]
  0x000002cadbccf000 ConcurrentGCThread "G1 Conc#1" [stack: 0x000000ce74700000,0x000000ce74800000] [id=30748]
  0x000002cadbc7e800 ConcurrentGCThread "G1 Conc#2" [stack: 0x000000ce74800000,0x000000ce74900000] [id=31880]
  0x000002cad99d8800 ConcurrentGCThread "G1 Refine#0" [stack: 0x000000ce72d00000,0x000000ce72e00000] [id=15672]
  0x000002cad99db000 ConcurrentGCThread "G1 Young RemSet Sampling" [stack: 0x000000ce72e00000,0x000000ce72f00000] [id=23192]

Threads with active compile tasks:

VM state:at safepoint (normal execution)

VM Mutex/Monitor currently owned by a thread:  ([mutex/lock_event])
[0x000002cab8c8da20] Threads_lock - owner thread: 0x000002cad9b70000
[0x000002cab8c8c8b0] Heap_lock - owner thread: 0x000002cadba48000

Heap address: 0x0000000089400000, size: 1900 MB, Compressed Oops mode: 32-bit
Narrow klass base: 0x0000000000000000, Narrow klass shift: 3
Compressed class space size: 1073741824 Address: 0x0000000100000000

Heap:
 garbage-first heap   total 147456K, used 16997K [0x0000000089400000, 0x0000000100000000)
  region size 1024K, 5 young (5120K), 5 survivors (5120K)
 Metaspace       used 35983K, capacity 37376K, committed 37500K, reserved 1093632K
  class space    used 4510K, capacity 5056K, committed 5120K, reserved 1048576K
Heap Regions: E=young(eden), S=young(survivor), O=old, HS=humongous(starts), HC=humongous(continues), CS=collection set, F=free, A=archive, TAMS=top-at-mark-start (previous, next)
|   0|0x0000000089400000, 0x0000000089500000, 0x0000000089500000|100%|HS|  |TAMS 0x0000000089500000, 0x0000000089500000| Complete 
|   1|0x0000000089500000, 0x0000000089600000, 0x0000000089600000|100%| O|  |TAMS 0x0000000089600000, 0x0000000089600000| Untracked 
|   2|0x0000000089600000, 0x0000000089700000, 0x0000000089700000|100%| O|  |TAMS 0x0000000089700000, 0x0000000089700000| Untracked 
|   3|0x0000000089700000, 0x0000000089800000, 0x0000000089800000|100%| O|  |TAMS 0x0000000089800000, 0x0000000089800000| Untracked 
|   4|0x0000000089800000, 0x0000000089900000, 0x0000000089900000|100%| O|  |TAMS 0x0000000089900000, 0x0000000089900000| Untracked 
|   5|0x0000000089900000, 0x0000000089a00000, 0x0000000089a00000|100%| O|  |TAMS 0x0000000089a00000, 0x0000000089a00000| Untracked 
|   6|0x0000000089a00000, 0x0000000089b00000, 0x0000000089b00000|100%| O|  |TAMS 0x0000000089b00000, 0x0000000089b00000| Untracked 
|   7|0x0000000089b00000, 0x0000000089c00000, 0x0000000089c00000|100%| O|  |TAMS 0x0000000089c00000, 0x0000000089c00000| Untracked 
|   8|0x0000000089c00000, 0x0000000089d00000, 0x0000000089d00000|100%| O|  |TAMS 0x0000000089d00000, 0x0000000089d00000| Untracked 
|   9|0x0000000089d00000, 0x0000000089e00000, 0x0000000089e00000|100%| O|  |TAMS 0x0000000089e00000, 0x0000000089e00000| Untracked 
|  10|0x0000000089e00000, 0x0000000089f00000, 0x0000000089f00000|100%| O|  |TAMS 0x0000000089f00000, 0x0000000089f00000| Untracked 
|  11|0x0000000089f00000, 0x0000000089fcaa00, 0x000000008a000000| 79%| O|  |TAMS 0x0000000089fcaa00, 0x0000000089fcaa00| Untracked 
|  12|0x000000008a000000, 0x000000008a000000, 0x000000008a100000|  0%| F|  |TAMS 0x000000008a000000, 0x000000008a000000| Untracked 
|  13|0x000000008a100000, 0x000000008a100000, 0x000000008a200000|  0%| F|  |TAMS 0x000000008a100000, 0x000000008a100000| Untracked 
|  14|0x000000008a200000, 0x000000008a200000, 0x000000008a300000|  0%| F|  |TAMS 0x000000008a200000, 0x000000008a200000| Untracked 
|  15|0x000000008a300000, 0x000000008a300000, 0x000000008a400000|  0%| F|  |TAMS 0x000000008a300000, 0x000000008a300000| Untracked 
|  16|0x000000008a400000, 0x000000008a400000, 0x000000008a500000|  0%| F|  |TAMS 0x000000008a400000, 0x000000008a400000| Untracked 
|  17|0x000000008a500000, 0x000000008a500000, 0x000000008a600000|  0%| F|  |TAMS 0x000000008a500000, 0x000000008a500000| Untracked 
|  18|0x000000008a600000, 0x000000008a600000, 0x000000008a700000|  0%| F|  |TAMS 0x000000008a600000, 0x000000008a600000| Untracked 
|  19|0x000000008a700000, 0x000000008a700000, 0x000000008a800000|  0%| F|  |TAMS 0x000000008a700000, 0x000000008a700000| Untracked 
|  20|0x000000008a800000, 0x000000008a800000, 0x000000008a900000|  0%| F|  |TAMS 0x000000008a800000, 0x000000008a800000| Untracked 
|  21|0x000000008a900000, 0x000000008a900000, 0x000000008aa00000|  0%| F|  |TAMS 0x000000008a900000, 0x000000008a900000| Untracked 
|  22|0x000000008aa00000, 0x000000008aa00000, 0x000000008ab00000|  0%| F|  |TAMS 0x000000008aa00000, 0x000000008aa00000| Untracked 
|  23|0x000000008ab00000, 0x000000008ab00000, 0x000000008ac00000|  0%| F|  |TAMS 0x000000008ab00000, 0x000000008ab00000| Untracked 
|  24|0x000000008ac00000, 0x000000008ac00000, 0x000000008ad00000|  0%| F|  |TAMS 0x000000008ac00000, 0x000000008ac00000| Untracked 
|  25|0x000000008ad00000, 0x000000008ad00000, 0x000000008ae00000|  0%| F|  |TAMS 0x000000008ad00000, 0x000000008ad00000| Untracked 
|  26|0x000000008ae00000, 0x000000008ae00000, 0x000000008af00000|  0%| F|  |TAMS 0x000000008ae00000, 0x000000008ae00000| Untracked 
|  27|0x000000008af00000, 0x000000008af00000, 0x000000008b000000|  0%| F|  |TAMS 0x000000008af00000, 0x000000008af00000| Untracked 
|  28|0x000000008b000000, 0x000000008b000000, 0x000000008b100000|  0%| F|  |TAMS 0x000000008b000000, 0x000000008b000000| Untracked 
|  29|0x000000008b100000, 0x000000008b100000, 0x000000008b200000|  0%| F|  |TAMS 0x000000008b100000, 0x000000008b100000| Untracked 
|  30|0x000000008b200000, 0x000000008b200000, 0x000000008b300000|  0%| F|  |TAMS 0x000000008b200000, 0x000000008b200000| Untracked 
|  31|0x000000008b300000, 0x000000008b300000, 0x000000008b400000|  0%| F|  |TAMS 0x000000008b300000, 0x000000008b300000| Untracked 
|  32|0x000000008b400000, 0x000000008b400000, 0x000000008b500000|  0%| F|  |TAMS 0x000000008b400000, 0x000000008b400000| Untracked 
|  33|0x000000008b500000, 0x000000008b500000, 0x000000008b600000|  0%| F|  |TAMS 0x000000008b500000, 0x000000008b500000| Untracked 
|  34|0x000000008b600000, 0x000000008b600000, 0x000000008b700000|  0%| F|  |TAMS 0x000000008b600000, 0x000000008b600000| Untracked 
|  35|0x000000008b700000, 0x000000008b700000, 0x000000008b800000|  0%| F|  |TAMS 0x000000008b700000, 0x000000008b700000| Untracked 
|  36|0x000000008b800000, 0x000000008b800000, 0x000000008b900000|  0%| F|  |TAMS 0x000000008b800000, 0x000000008b800000| Untracked 
|  37|0x000000008b900000, 0x000000008b900000, 0x000000008ba00000|  0%| F|  |TAMS 0x000000008b900000, 0x000000008b900000| Untracked 
|  38|0x000000008ba00000, 0x000000008ba00000, 0x000000008bb00000|  0%| F|  |TAMS 0x000000008ba00000, 0x000000008ba00000| Untracked 
|  39|0x000000008bb00000, 0x000000008bb00000, 0x000000008bc00000|  0%| F|  |TAMS 0x000000008bb00000, 0x000000008bb00000| Untracked 
|  40|0x000000008bc00000, 0x000000008bc00000, 0x000000008bd00000|  0%| F|  |TAMS 0x000000008bc00000, 0x000000008bc00000| Untracked 
|  41|0x000000008bd00000, 0x000000008bd00000, 0x000000008be00000|  0%| F|  |TAMS 0x000000008bd00000, 0x000000008bd00000| Untracked 
|  42|0x000000008be00000, 0x000000008be00000, 0x000000008bf00000|  0%| F|  |TAMS 0x000000008be00000, 0x000000008be00000| Untracked 
|  43|0x000000008bf00000, 0x000000008bf00000, 0x000000008c000000|  0%| F|  |TAMS 0x000000008bf00000, 0x000000008bf00000| Untracked 
|  44|0x000000008c000000, 0x000000008c000000, 0x000000008c100000|  0%| F|  |TAMS 0x000000008c000000, 0x000000008c000000| Untracked 
|  45|0x000000008c100000, 0x000000008c100000, 0x000000008c200000|  0%| F|  |TAMS 0x000000008c100000, 0x000000008c100000| Untracked 
|  46|0x000000008c200000, 0x000000008c200000, 0x000000008c300000|  0%| F|  |TAMS 0x000000008c200000, 0x000000008c200000| Untracked 
|  47|0x000000008c300000, 0x000000008c300000, 0x000000008c400000|  0%| F|  |TAMS 0x000000008c300000, 0x000000008c300000| Untracked 
|  48|0x000000008c400000, 0x000000008c400000, 0x000000008c500000|  0%| F|  |TAMS 0x000000008c400000, 0x000000008c400000| Untracked 
|  49|0x000000008c500000, 0x000000008c500000, 0x000000008c600000|  0%| F|  |TAMS 0x000000008c500000, 0x000000008c500000| Untracked 
|  50|0x000000008c600000, 0x000000008c600000, 0x000000008c700000|  0%| F|  |TAMS 0x000000008c600000, 0x000000008c600000| Untracked 
|  51|0x000000008c700000, 0x000000008c700000, 0x000000008c800000|  0%| F|  |TAMS 0x000000008c700000, 0x000000008c700000| Untracked 
|  52|0x000000008c800000, 0x000000008c800000, 0x000000008c900000|  0%| F|  |TAMS 0x000000008c800000, 0x000000008c800000| Untracked 
|  53|0x000000008c900000, 0x000000008c900000, 0x000000008ca00000|  0%| F|  |TAMS 0x000000008c900000, 0x000000008c900000| Untracked 
|  54|0x000000008ca00000, 0x000000008ca00000, 0x000000008cb00000|  0%| F|  |TAMS 0x000000008ca00000, 0x000000008ca00000| Untracked 
|  55|0x000000008cb00000, 0x000000008cb00000, 0x000000008cc00000|  0%| F|  |TAMS 0x000000008cb00000, 0x000000008cb00000| Untracked 
|  56|0x000000008cc00000, 0x000000008cc00000, 0x000000008cd00000|  0%| F|  |TAMS 0x000000008cc00000, 0x000000008cc00000| Untracked 
|  57|0x000000008cd00000, 0x000000008cd00000, 0x000000008ce00000|  0%| F|  |TAMS 0x000000008cd00000, 0x000000008cd00000| Untracked 
|  58|0x000000008ce00000, 0x000000008ce00000, 0x000000008cf00000|  0%| F|  |TAMS 0x000000008ce00000, 0x000000008ce00000| Untracked 
|  59|0x000000008cf00000, 0x000000008cf00000, 0x000000008d000000|  0%| F|  |TAMS 0x000000008cf00000, 0x000000008cf00000| Untracked 
|  60|0x000000008d000000, 0x000000008d000000, 0x000000008d100000|  0%| F|  |TAMS 0x000000008d000000, 0x000000008d000000| Untracked 
|  61|0x000000008d100000, 0x000000008d100000, 0x000000008d200000|  0%| F|  |TAMS 0x000000008d100000, 0x000000008d100000| Untracked 
|  62|0x000000008d200000, 0x000000008d200000, 0x000000008d300000|  0%| F|  |TAMS 0x000000008d200000, 0x000000008d200000| Untracked 
|  63|0x000000008d300000, 0x000000008d300000, 0x000000008d400000|  0%| F|  |TAMS 0x000000008d300000, 0x000000008d300000| Untracked 
|  64|0x000000008d400000, 0x000000008d400000, 0x000000008d500000|  0%| F|  |TAMS 0x000000008d400000, 0x000000008d400000| Untracked 
|  65|0x000000008d500000, 0x000000008d500000, 0x000000008d600000|  0%| F|  |TAMS 0x000000008d500000, 0x000000008d500000| Untracked 
|  66|0x000000008d600000, 0x000000008d600000, 0x000000008d700000|  0%| F|  |TAMS 0x000000008d600000, 0x000000008d600000| Untracked 
|  67|0x000000008d700000, 0x000000008d700000, 0x000000008d800000|  0%| F|  |TAMS 0x000000008d700000, 0x000000008d700000| Untracked 
|  68|0x000000008d800000, 0x000000008d800000, 0x000000008d900000|  0%| F|  |TAMS 0x000000008d800000, 0x000000008d800000| Untracked 
|  69|0x000000008d900000, 0x000000008d900000, 0x000000008da00000|  0%| F|  |TAMS 0x000000008d900000, 0x000000008d900000| Untracked 
|  70|0x000000008da00000, 0x000000008da00000, 0x000000008db00000|  0%| F|  |TAMS 0x000000008da00000, 0x000000008da00000| Untracked 
|  71|0x000000008db00000, 0x000000008db00000, 0x000000008dc00000|  0%| F|  |TAMS 0x000000008db00000, 0x000000008db00000| Untracked 
|  72|0x000000008dc00000, 0x000000008dc00000, 0x000000008dd00000|  0%| F|  |TAMS 0x000000008dc00000, 0x000000008dc00000| Untracked 
|  73|0x000000008dd00000, 0x000000008dd00000, 0x000000008de00000|  0%| F|  |TAMS 0x000000008dd00000, 0x000000008dd00000| Untracked 
|  74|0x000000008de00000, 0x000000008de00000, 0x000000008df00000|  0%| F|  |TAMS 0x000000008de00000, 0x000000008de00000| Untracked 
|  75|0x000000008df00000, 0x000000008df00000, 0x000000008e000000|  0%| F|  |TAMS 0x000000008df00000, 0x000000008df00000| Untracked 
|  76|0x000000008e000000, 0x000000008e000000, 0x000000008e100000|  0%| F|  |TAMS 0x000000008e000000, 0x000000008e000000| Untracked 
|  77|0x000000008e100000, 0x000000008e100000, 0x000000008e200000|  0%| F|  |TAMS 0x000000008e100000, 0x000000008e100000| Untracked 
|  78|0x000000008e200000, 0x000000008e200000, 0x000000008e300000|  0%| F|  |TAMS 0x000000008e200000, 0x000000008e200000| Untracked 
|  79|0x000000008e300000, 0x000000008e300000, 0x000000008e400000|  0%| F|  |TAMS 0x000000008e300000, 0x000000008e300000| Untracked 
|  80|0x000000008e400000, 0x000000008e400000, 0x000000008e500000|  0%| F|  |TAMS 0x000000008e400000, 0x000000008e400000| Untracked 
|  81|0x000000008e500000, 0x000000008e500000, 0x000000008e600000|  0%| F|  |TAMS 0x000000008e500000, 0x000000008e500000| Untracked 
|  82|0x000000008e600000, 0x000000008e600000, 0x000000008e700000|  0%| F|  |TAMS 0x000000008e600000, 0x000000008e600000| Untracked 
|  83|0x000000008e700000, 0x000000008e700000, 0x000000008e800000|  0%| F|  |TAMS 0x000000008e700000, 0x000000008e700000| Untracked 
|  84|0x000000008e800000, 0x000000008e800000, 0x000000008e900000|  0%| F|  |TAMS 0x000000008e800000, 0x000000008e800000| Untracked 
|  85|0x000000008e900000, 0x000000008e900000, 0x000000008ea00000|  0%| F|  |TAMS 0x000000008e900000, 0x000000008e900000| Untracked 
|  86|0x000000008ea00000, 0x000000008ea00000, 0x000000008eb00000|  0%| F|  |TAMS 0x000000008ea00000, 0x000000008ea00000| Untracked 
|  87|0x000000008eb00000, 0x000000008eb00000, 0x000000008ec00000|  0%| F|  |TAMS 0x000000008eb00000, 0x000000008eb00000| Untracked 
|  88|0x000000008ec00000, 0x000000008ec00000, 0x000000008ed00000|  0%| F|  |TAMS 0x000000008ec00000, 0x000000008ec00000| Untracked 
|  89|0x000000008ed00000, 0x000000008ed00000, 0x000000008ee00000|  0%| F|  |TAMS 0x000000008ed00000, 0x000000008ed00000| Untracked 
|  90|0x000000008ee00000, 0x000000008ee00000, 0x000000008ef00000|  0%| F|  |TAMS 0x000000008ee00000, 0x000000008ee00000| Untracked 
|  91|0x000000008ef00000, 0x000000008ef00000, 0x000000008f000000|  0%| F|  |TAMS 0x000000008ef00000, 0x000000008ef00000| Untracked 
|  92|0x000000008f000000, 0x000000008f000000, 0x000000008f100000|  0%| F|  |TAMS 0x000000008f000000, 0x000000008f000000| Untracked 
|  93|0x000000008f100000, 0x000000008f100000, 0x000000008f200000|  0%| F|  |TAMS 0x000000008f100000, 0x000000008f100000| Untracked 
|  94|0x000000008f200000, 0x000000008f200000, 0x000000008f300000|  0%| F|  |TAMS 0x000000008f200000, 0x000000008f200000| Untracked 
|  95|0x000000008f300000, 0x000000008f300000, 0x000000008f400000|  0%| F|  |TAMS 0x000000008f300000, 0x000000008f300000| Untracked 
|  96|0x000000008f400000, 0x000000008f400000, 0x000000008f500000|  0%| F|  |TAMS 0x000000008f400000, 0x000000008f400000| Untracked 
|  97|0x000000008f500000, 0x000000008f500000, 0x000000008f600000|  0%| F|  |TAMS 0x000000008f500000, 0x000000008f500000| Untracked 
|  98|0x000000008f600000, 0x000000008f600000, 0x000000008f700000|  0%| F|  |TAMS 0x000000008f600000, 0x000000008f600000| Untracked 
|  99|0x000000008f700000, 0x000000008f700000, 0x000000008f800000|  0%| F|  |TAMS 0x000000008f700000, 0x000000008f700000| Untracked 
| 100|0x000000008f800000, 0x000000008f800000, 0x000000008f900000|  0%| F|  |TAMS 0x000000008f800000, 0x000000008f800000| Untracked 
| 101|0x000000008f900000, 0x000000008f900000, 0x000000008fa00000|  0%| F|  |TAMS 0x000000008f900000, 0x000000008f900000| Untracked 
| 102|0x000000008fa00000, 0x000000008fa00000, 0x000000008fb00000|  0%| F|  |TAMS 0x000000008fa00000, 0x000000008fa00000| Untracked 
| 103|0x000000008fb00000, 0x000000008fb00000, 0x000000008fc00000|  0%| F|  |TAMS 0x000000008fb00000, 0x000000008fb00000| Untracked 
| 104|0x000000008fc00000, 0x000000008fc00000, 0x000000008fd00000|  0%| F|  |TAMS 0x000000008fc00000, 0x000000008fc00000| Untracked 
| 105|0x000000008fd00000, 0x000000008fd00000, 0x000000008fe00000|  0%| F|  |TAMS 0x000000008fd00000, 0x000000008fd00000| Untracked 
| 106|0x000000008fe00000, 0x000000008fe00000, 0x000000008ff00000|  0%| F|  |TAMS 0x000000008fe00000, 0x000000008fe00000| Untracked 
| 107|0x000000008ff00000, 0x000000008ff00000, 0x0000000090000000|  0%| F|  |TAMS 0x000000008ff00000, 0x000000008ff00000| Untracked 
| 108|0x0000000090000000, 0x0000000090000000, 0x0000000090100000|  0%| F|  |TAMS 0x0000000090000000, 0x0000000090000000| Untracked 
| 109|0x0000000090100000, 0x0000000090100000, 0x0000000090200000|  0%| F|  |TAMS 0x0000000090100000, 0x0000000090100000| Untracked 
| 110|0x0000000090200000, 0x0000000090200000, 0x0000000090300000|  0%| F|  |TAMS 0x0000000090200000, 0x0000000090200000| Untracked 
| 111|0x0000000090300000, 0x0000000090300000, 0x0000000090400000|  0%| F|  |TAMS 0x0000000090300000, 0x0000000090300000| Untracked 
| 112|0x0000000090400000, 0x0000000090400000, 0x0000000090500000|  0%| F|  |TAMS 0x0000000090400000, 0x0000000090400000| Untracked 
| 113|0x0000000090500000, 0x0000000090500000, 0x0000000090600000|  0%| F|  |TAMS 0x0000000090500000, 0x0000000090500000| Untracked 
| 114|0x0000000090600000, 0x0000000090600000, 0x0000000090700000|  0%| F|  |TAMS 0x0000000090600000, 0x0000000090600000| Untracked 
| 115|0x0000000090700000, 0x0000000090700000, 0x0000000090800000|  0%| F|  |TAMS 0x0000000090700000, 0x0000000090700000| Untracked 
| 116|0x0000000090800000, 0x0000000090800000, 0x0000000090900000|  0%| F|  |TAMS 0x0000000090800000, 0x0000000090800000| Untracked 
| 117|0x0000000090900000, 0x0000000090900000, 0x0000000090a00000|  0%| F|  |TAMS 0x0000000090900000, 0x0000000090900000| Untracked 
| 118|0x0000000090a00000, 0x0000000090a00000, 0x0000000090b00000|  0%| F|  |TAMS 0x0000000090a00000, 0x0000000090a00000| Untracked 
| 119|0x0000000090b00000, 0x0000000090b00000, 0x0000000090c00000|  0%| F|  |TAMS 0x0000000090b00000, 0x0000000090b00000| Untracked 
| 120|0x0000000090c00000, 0x0000000090c00000, 0x0000000090d00000|  0%| F|  |TAMS 0x0000000090c00000, 0x0000000090c00000| Untracked 
| 121|0x0000000090d00000, 0x0000000090d00000, 0x0000000090e00000|  0%| F|  |TAMS 0x0000000090d00000, 0x0000000090d00000| Untracked 
| 122|0x0000000090e00000, 0x0000000090e00000, 0x0000000090f00000|  0%| F|  |TAMS 0x0000000090e00000, 0x0000000090e00000| Untracked 
| 123|0x0000000090f00000, 0x0000000090fceb30, 0x0000000091000000| 80%| S|CS|TAMS 0x0000000090f00000, 0x0000000090f00000| Complete 
| 124|0x0000000091000000, 0x0000000091100000, 0x0000000091100000|100%| S|CS|TAMS 0x0000000091000000, 0x0000000091000000| Complete 
| 125|0x0000000091100000, 0x0000000091200000, 0x0000000091200000|100%| S|CS|TAMS 0x0000000091100000, 0x0000000091100000| Complete 
| 126|0x0000000091200000, 0x0000000091300000, 0x0000000091300000|100%| S|CS|TAMS 0x0000000091200000, 0x0000000091200000| Complete 
| 127|0x0000000091300000, 0x0000000091400000, 0x0000000091400000|100%| S|CS|TAMS 0x0000000091300000, 0x0000000091300000| Complete 
| 128|0x0000000091400000, 0x0000000091400000, 0x0000000091500000|  0%| F|  |TAMS 0x0000000091400000, 0x0000000091400000| Untracked 
| 129|0x0000000091500000, 0x0000000091500000, 0x0000000091600000|  0%| F|  |TAMS 0x0000000091500000, 0x0000000091500000| Untracked 
| 130|0x0000000091600000, 0x0000000091600000, 0x0000000091700000|  0%| F|  |TAMS 0x0000000091600000, 0x0000000091600000| Untracked 
| 131|0x0000000091700000, 0x0000000091700000, 0x0000000091800000|  0%| F|  |TAMS 0x0000000091700000, 0x0000000091700000| Untracked 
| 132|0x0000000091800000, 0x0000000091800000, 0x0000000091900000|  0%| F|  |TAMS 0x0000000091800000, 0x0000000091800000| Untracked 
| 133|0x0000000091900000, 0x0000000091900000, 0x0000000091a00000|  0%| F|  |TAMS 0x0000000091900000, 0x0000000091900000| Untracked 
| 134|0x0000000091a00000, 0x0000000091a00000, 0x0000000091b00000|  0%| F|  |TAMS 0x0000000091a00000, 0x0000000091a00000| Untracked 
| 135|0x0000000091b00000, 0x0000000091b00000, 0x0000000091c00000|  0%| F|  |TAMS 0x0000000091b00000, 0x0000000091b00000| Untracked 
| 136|0x0000000091c00000, 0x0000000091c00000, 0x0000000091d00000|  0%| F|  |TAMS 0x0000000091c00000, 0x0000000091c00000| Untracked 
| 137|0x0000000091d00000, 0x0000000091d00000, 0x0000000091e00000|  0%| F|  |TAMS 0x0000000091d00000, 0x0000000091d00000| Untracked 
| 138|0x0000000091e00000, 0x0000000091e00000, 0x0000000091f00000|  0%| F|  |TAMS 0x0000000091e00000, 0x0000000091e00000| Untracked 
| 139|0x0000000091f00000, 0x0000000091f00000, 0x0000000092000000|  0%| F|  |TAMS 0x0000000091f00000, 0x0000000091f00000| Untracked 
| 140|0x0000000092000000, 0x0000000092000000, 0x0000000092100000|  0%| F|  |TAMS 0x0000000092000000, 0x0000000092000000| Untracked 
| 141|0x0000000092100000, 0x0000000092100000, 0x0000000092200000|  0%| F|  |TAMS 0x0000000092100000, 0x0000000092100000| Untracked 
| 142|0x0000000092200000, 0x0000000092200000, 0x0000000092300000|  0%| F|  |TAMS 0x0000000092200000, 0x0000000092200000| Untracked 
| 143|0x0000000092300000, 0x0000000092300000, 0x0000000092400000|  0%| F|  |TAMS 0x0000000092300000, 0x0000000092300000| Untracked 

Card table byte_map: [0x000002cad2bc0000,0x000002cad2f80000] _byte_map_base: 0x000002cad2776000

Marking Bits (Prev, Next): (CMBitMap*) 0x000002cab8cd3198, (CMBitMap*) 0x000002cab8cd31d0
 Prev Bits: [0x000002cad3340000, 0x000002cad50f0000)
 Next Bits: [0x000002cad50f0000, 0x000002cad6ea0000)

Polling page: 0x000002cab8d60000

Metaspace:

Usage:
  Non-class:     31.56 MB capacity,    30.74 MB ( 97%) used,   696.55 KB (  2%) free+waste,   150.44 KB ( <1%) overhead. 
      Class:      4.94 MB capacity,     4.40 MB ( 89%) used,   469.37 KB (  9%) free+waste,    76.00 KB (  2%) overhead. 
       Both:     36.50 MB capacity,    35.14 MB ( 96%) used,     1.14 MB (  3%) free+waste,   226.44 KB ( <1%) overhead. 

Virtual space:
  Non-class space:       44.00 MB reserved,      31.62 MB ( 72%) committed 
      Class space:        1.00 GB reserved,       5.00 MB ( <1%) committed 
             Both:        1.04 GB reserved,      36.62 MB (  3%) committed 

Chunk freelists:
   Non-Class:  60.00 KB
       Class:  0 bytes
        Both:  60.00 KB

MaxMetaspaceSize: 17179869184.00 GB
CompressedClassSpaceSize: 1.00 GB

CodeHeap 'non-profiled nmethods': size=238336Kb used=5787Kb max_used=5787Kb free=232548Kb
 bounds [0x000002cac32c0000, 0x000002cac3870000, 0x000002cad1b80000]
CodeHeap 'non-nmethods': size=7424Kb used=1157Kb max_used=1157Kb free=6266Kb
 bounds [0x000002cac2b80000, 0x000002cac2df0000, 0x000002cac32c0000]
 total_blobs=4243 nmethods=3750 adapters=419
 compilation: enabled
              stopped_count=0, restarted_count=0
 full_count=0

Compilation events (20 events):
Event: 3.743 Thread 0x000002cad9bb4800 3741       1       java.lang.CompoundEnumeration::hasMoreElements (5 bytes)
Event: 3.743 Thread 0x000002cad9bb4800 nmethod 3741 0x000002cac3864790 code [0x000002cac3864940, 0x000002cac3864a08]
Event: 3.744 Thread 0x000002cad9bb4800 3742       1       java.nio.ByteBuffer::array (35 bytes)
Event: 3.744 Thread 0x000002cad9bb4800 nmethod 3742 0x000002cac3864a90 code [0x000002cac3864c60, 0x000002cac3864df8]
Event: 3.745 Thread 0x000002cad9bb4800 3743       1       java.lang.StringBuilder::append (8 bytes)
Event: 3.745 Thread 0x000002cad9bb4800 nmethod 3743 0x000002cac3864f10 code [0x000002cac38650c0, 0x000002cac38651a8]
Event: 3.745 Thread 0x000002cad9bb4800 3744       1       java.lang.AbstractStringBuilder::append (54 bytes)
Event: 3.745 Thread 0x000002cad9bb4800 nmethod 3744 0x000002cac3865210 code [0x000002cac3865400, 0x000002cac38656a8]
Event: 3.745 Thread 0x000002cad9bb4800 3745       1       java.lang.StringBuilder::append (6 bytes)
Event: 3.745 Thread 0x000002cad9bb4800 nmethod 3745 0x000002cac3865810 code [0x000002cac38659c0, 0x000002cac3865aa8]
Event: 3.745 Thread 0x000002cad9bb4800 3746       1       java.util.Objects::toString (13 bytes)
Event: 3.746 Thread 0x000002cad9bb4800 nmethod 3746 0x000002cac3865b90 code [0x000002cac3865d40, 0x000002cac3865e28]
Event: 3.753 Thread 0x000002cad9bb4800 3747       1       java.util.Collections$EmptyEnumeration::hasMoreElements (2 bytes)
Event: 3.753 Thread 0x000002cad9bb4800 nmethod 3747 0x000002cac3865e90 code [0x000002cac3866040, 0x000002cac38660f8]
Event: 3.776 Thread 0x000002cad9bb4800 3748   !   1       com.sun.proxy.$Proxy35::annotationType (29 bytes)
Event: 3.776 Thread 0x000002cad9bb4800 nmethod 3748 0x000002cac3866190 code [0x000002cac3866360, 0x000002cac3866518]
Event: 3.778 Thread 0x000002cad9bb4800 3749       1       java.util.HashMap::clear (50 bytes)
Event: 3.778 Thread 0x000002cad9bb4800 nmethod 3749 0x000002cac3866690 code [0x000002cac3866840, 0x000002cac3866978]
Event: 3.782 Thread 0x000002cad9bb4800 3750       1       java.util.regex.Pattern$LastNode::match (45 bytes)
Event: 3.782 Thread 0x000002cad9bb4800 nmethod 3750 0x000002cac3866a10 code [0x000002cac3866bc0, 0x000002cac3866d18]

GC Heap History (18 events):
Event: 1.017 GC heap before
{Heap before GC invocations=0 (full 0):
 garbage-first heap   total 122880K, used 24576K [0x0000000089400000, 0x0000000100000000)
  region size 1024K, 24 young (24576K), 0 survivors (0K)
 Metaspace       used 13645K, capacity 13967K, committed 14208K, reserved 1062912K
  class space    used 1425K, capacity 1552K, committed 1664K, reserved 1048576K
}
Event: 1.024 GC heap after
{Heap after GC invocations=1 (full 0):
 garbage-first heap   total 122880K, used 7405K [0x0000000089400000, 0x0000000100000000)
  region size 1024K, 3 young (3072K), 3 survivors (3072K)
 Metaspace       used 13645K, capacity 13967K, committed 14208K, reserved 1062912K
  class space    used 1425K, capacity 1552K, committed 1664K, reserved 1048576K
}
Event: 1.460 GC heap before
{Heap before GC invocations=1 (full 0):
 garbage-first heap   total 122880K, used 77037K [0x0000000089400000, 0x0000000100000000)
  region size 1024K, 72 young (73728K), 3 survivors (3072K)
 Metaspace       used 17602K, capacity 18062K, committed 18304K, reserved 1064960K
  class space    used 1954K, capacity 2140K, committed 2176K, reserved 1048576K
}
Event: 1.465 GC heap after
{Heap after GC invocations=2 (full 0):
 garbage-first heap   total 122880K, used 8888K [0x0000000089400000, 0x0000000100000000)
  region size 1024K, 5 young (5120K), 5 survivors (5120K)
 Metaspace       used 17602K, capacity 18062K, committed 18304K, reserved 1064960K
  class space    used 1954K, capacity 2140K, committed 2176K, reserved 1048576K
}
Event: 1.672 GC heap before
{Heap before GC invocations=2 (full 0):
 garbage-first heap   total 122880K, used 29368K [0x0000000089400000, 0x0000000100000000)
  region size 1024K, 26 young (26624K), 5 survivors (5120K)
 Metaspace       used 20381K, capacity 21111K, committed 21296K, reserved 1069056K
  class space    used 2393K, capacity 2666K, committed 2688K, reserved 1048576K
}
Event: 1.679 GC heap after
{Heap after GC invocations=3 (full 0):
 garbage-first heap   total 122880K, used 9952K [0x0000000089400000, 0x0000000100000000)
  region size 1024K, 6 young (6144K), 6 survivors (6144K)
 Metaspace       used 20381K, capacity 21111K, committed 21296K, reserved 1069056K
  class space    used 2393K, capacity 2666K, committed 2688K, reserved 1048576K
}
Event: 2.037 GC heap before
{Heap before GC invocations=4 (full 0):
 garbage-first heap   total 122880K, used 76512K [0x0000000089400000, 0x0000000100000000)
  region size 1024K, 72 young (73728K), 6 survivors (6144K)
 Metaspace       used 24843K, capacity 25671K, committed 25776K, reserved 1071104K
  class space    used 2964K, capacity 3292K, committed 3328K, reserved 1048576K
}
Event: 2.042 GC heap after
{Heap after GC invocations=5 (full 0):
 garbage-first heap   total 122880K, used 11373K [0x0000000089400000, 0x0000000100000000)
  region size 1024K, 4 young (4096K), 4 survivors (4096K)
 Metaspace       used 24843K, capacity 25671K, committed 25776K, reserved 1071104K
  class space    used 2964K, capacity 3292K, committed 3328K, reserved 1048576K
}
Event: 2.659 GC heap before
{Heap before GC invocations=5 (full 0):
 garbage-first heap   total 122880K, used 79981K [0x0000000089400000, 0x0000000100000000)
  region size 1024K, 72 young (73728K), 4 survivors (4096K)
 Metaspace       used 27391K, capacity 28301K, committed 28464K, reserved 1075200K
  class space    used 3323K, capacity 3695K, committed 3712K, reserved 1048576K
}
Event: 2.663 GC heap after
{Heap after GC invocations=6 (full 0):
 garbage-first heap   total 122880K, used 12521K [0x0000000089400000, 0x0000000100000000)
  region size 1024K, 5 young (5120K), 5 survivors (5120K)
 Metaspace       used 27391K, capacity 28301K, committed 28464K, reserved 1075200K
  class space    used 3323K, capacity 3695K, committed 3712K, reserved 1048576K
}
Event: 3.382 GC heap before
{Heap before GC invocations=6 (full 0):
 garbage-first heap   total 122880K, used 80105K [0x0000000089400000, 0x0000000100000000)
  region size 1024K, 72 young (73728K), 5 survivors (5120K)
 Metaspace       used 33274K, capacity 34611K, committed 34864K, reserved 1079296K
  class space    used 4176K, capacity 4710K, committed 4736K, reserved 1048576K
}
Event: 3.389 GC heap after
{Heap after GC invocations=7 (full 0):
 garbage-first heap   total 122880K, used 16013K [0x0000000089400000, 0x0000000100000000)
  region size 1024K, 8 young (8192K), 8 survivors (8192K)
 Metaspace       used 33274K, capacity 34611K, committed 34864K, reserved 1079296K
  class space    used 4176K, capacity 4710K, committed 4736K, reserved 1048576K
}
Event: 3.477 GC heap before
{Heap before GC invocations=7 (full 0):
 garbage-first heap   total 122880K, used 80525K [0x0000000089400000, 0x0000000100000000)
  region size 1024K, 72 young (73728K), 8 survivors (8192K)
 Metaspace       used 33726K, capacity 35112K, committed 35248K, reserved 1079296K
  class space    used 4215K, capacity 4749K, committed 4864K, reserved 1048576K
}
Event: 3.483 GC heap after
{Heap after GC invocations=8 (full 0):
 garbage-first heap   total 147456K, used 16584K [0x0000000089400000, 0x0000000100000000)
  region size 1024K, 5 young (5120K), 5 survivors (5120K)
 Metaspace       used 33726K, capacity 35112K, committed 35248K, reserved 1079296K
  class space    used 4215K, capacity 4749K, committed 4864K, reserved 1048576K
}
Event: 3.633 GC heap before
{Heap before GC invocations=8 (full 0):
 garbage-first heap   total 147456K, used 36040K [0x0000000089400000, 0x0000000100000000)
  region size 1024K, 26 young (26624K), 5 survivors (5120K)
 Metaspace       used 34255K, capacity 35622K, committed 35708K, reserved 1081344K
  class space    used 4291K, capacity 4834K, committed 4864K, reserved 1048576K
}
Event: 3.639 GC heap after
{Heap after GC invocations=9 (full 0):
 garbage-first heap   total 147456K, used 16649K [0x0000000089400000, 0x0000000100000000)
  region size 1024K, 5 young (5120K), 5 survivors (5120K)
 Metaspace       used 34255K, capacity 35622K, committed 35708K, reserved 1081344K
  class space    used 4291K, capacity 4834K, committed 4864K, reserved 1048576K
}
Event: 3.810 GC heap before
{Heap before GC invocations=10 (full 0):
 garbage-first heap   total 147456K, used 32009K [0x0000000089400000, 0x0000000100000000)
  region size 1024K, 21 young (21504K), 5 survivors (5120K)
 Metaspace       used 35983K, capacity 37376K, committed 37500K, reserved 1091584K
  class space    used 4510K, capacity 5056K, committed 5120K, reserved 1048576K
}
Event: 3.815 GC heap after
{Heap after GC invocations=11 (full 0):
 garbage-first heap   total 147456K, used 16997K [0x0000000089400000, 0x0000000100000000)
  region size 1024K, 5 young (5120K), 5 survivors (5120K)
 Metaspace       used 35983K, capacity 37376K, committed 37500K, reserved 1091584K
  class space    used 4510K, capacity 5056K, committed 5120K, reserved 1048576K
}

Deoptimization events (2 events):
Event: 2.703 Thread 0x000002cadba48000 DEOPT PACKING pc=0x000002cac35c5ae4 sp=0x000000ce73dfcf10
Event: 2.703 Thread 0x000002cadba48000 DEOPT UNPACKING pc=0x000002cac2ba6dde sp=0x000000ce73dfc478 mode 0

Classes redefined (0 events):
No events

Internal exceptions (20 events):
Event: 3.045 Thread 0x000002cadba48000 Exception <a 'java/lang/ClassNotFoundException'{0x000000008ec84e98}: org/springframework/transaction/annotation/ProxyTransactionManagementConfigurationCustomizer> (0x000000008ec84e98) thrown at [./src/hotspot/share/classfile/systemDictionary.cpp, line 231]
Event: 3.045 Thread 0x000002cadba48000 Exception <a 'java/lang/ClassNotFoundException'{0x000000008eca35a0}: org/springframework/context/annotation/ImportAwareCustomizer> (0x000000008eca35a0) thrown at [./src/hotspot/share/classfile/systemDictionary.cpp, line 231]
Event: 3.046 Thread 0x000002cadba48000 Exception <a 'java/lang/ClassNotFoundException'{0x000000008ecbc8b0}: org/springframework/beans/factory/AwareCustomizer> (0x000000008ecbc8b0) thrown at [./src/hotspot/share/classfile/systemDictionary.cpp, line 231]
Event: 3.061 Thread 0x000002cadbb54800 Exception <a 'java/lang/reflect/InvocationTargetException'{0x000000008ea095d8}> (0x000000008ea095d8) thrown at [./src/hotspot/share/runtime/reflection.cpp, line 1247]
Event: 3.076 Thread 0x000002cadba48000 Exception <a 'java/lang/NoSuchMethodError'{0x000000008e9f75e0}: 'java.lang.Object java.lang.invoke.DirectMethodHandle$Holder.invokeSpecialIFC(java.lang.Object, java.lang.Object, java.lang.Object)'> (0x000000008e9f75e0) thrown at [./src/hotspot/share/interpreter/linkResolver.cpp, line 773]
Event: 3.115 Thread 0x000002cadba48000 Exception <a 'java/lang/NoSuchMethodError'{0x000000008e629878}: 'int java.lang.invoke.DirectMethodHandle$Holder.invokeSpecial(java.lang.Object, java.lang.Object, java.lang.Object, java.lang.Object, java.lang.Object)'> (0x000000008e629878) thrown at [./src/hotspot/share/interpreter/linkResolver.cpp, line 773]
Event: 3.159 Thread 0x000002cadba48000 Exception <a 'java/lang/NoSuchMethodError'{0x000000008e3541a8}: 'void java.lang.invoke.DelegatingMethodHandle$Holder.delegate(java.lang.Object, java.lang.Object, int, java.lang.Object)'> (0x000000008e3541a8) thrown at [./src/hotspot/share/interpreter/linkResolver.cpp, line 773]
Event: 3.184 Thread 0x000002cadba48000 Exception <a 'java/lang/NoSuchMethodError'{0x000000008e166b20}: 'void java.lang.invoke.DirectMethodHandle$Holder.invokeInterface(java.lang.Object, java.lang.Object, int)'> (0x000000008e166b20) thrown at [./src/hotspot/share/interpreter/linkResolver.cpp, line 773]
Event: 3.185 Thread 0x000002cadba48000 Exception <a 'java/lang/NoSuchMethodError'{0x000000008e17f290}: 'int java.lang.invoke.DirectMethodHandle$Holder.invokeVirtual(java.lang.Object, java.lang.Object)'> (0x000000008e17f290) thrown at [./src/hotspot/share/interpreter/linkResolver.cpp, line 773]
Event: 3.187 Thread 0x000002cadba48000 Exception <a 'java/lang/IncompatibleClassChangeError'{0x000000008e1badb0}: Found class java.lang.Object, but interface was expected> (0x000000008e1badb0) thrown at [./src/hotspot/share/interpreter/linkResolver.cpp, line 839]
Event: 3.187 Thread 0x000002cadba48000 Exception <a 'java/lang/NoSuchMethodError'{0x000000008e1bfc58}: 'void java.lang.invoke.DirectMethodHandle$Holder.invokeStatic(java.lang.Object, int, java.lang.Object)'> (0x000000008e1bfc58) thrown at [./src/hotspot/share/interpreter/linkResolver.cpp, line 773]
Event: 3.416 Thread 0x000002cadba48000 Exception <a 'sun/nio/fs/WindowsException'{0x000000008eb7f4a0}> (0x000000008eb7f4a0) thrown at [./src/hotspot/share/prims/jni.cpp, line 615]
Event: 3.417 Thread 0x000002cadba48000 Exception <a 'sun/nio/fs/WindowsException'{0x000000008eb85828}> (0x000000008eb85828) thrown at [./src/hotspot/share/prims/jni.cpp, line 615]
Event: 3.417 Thread 0x000002cadba48000 Exception <a 'sun/nio/fs/WindowsException'{0x000000008eb85f20}> (0x000000008eb85f20) thrown at [./src/hotspot/share/prims/jni.cpp, line 615]
Event: 3.561 Thread 0x000002cadba48000 Exception <a 'java/io/FileNotFoundException'{0x0000000091525db0}> (0x0000000091525db0) thrown at [./src/hotspot/share/prims/jni.cpp, line 615]
Event: 3.561 Thread 0x000002cadba48000 Exception <a 'java/io/FileNotFoundException'{0x0000000091527120}> (0x0000000091527120) thrown at [./src/hotspot/share/prims/jni.cpp, line 615]
Event: 3.568 Thread 0x000002cadbb54800 Exception <a 'java/lang/reflect/InvocationTargetException'{0x0000000091409588}> (0x0000000091409588) thrown at [./src/hotspot/share/runtime/reflection.cpp, line 1247]
Event: 3.595 Thread 0x000002cadba48000 Exception <a 'java/lang/NoSuchMethodError'{0x00000000912c9f70}: 'int java.lang.invoke.DirectMethodHandle$Holder.invokeInterface(java.lang.Object, java.lang.Object, java.lang.Object, java.lang.Object)'> (0x00000000912c9f70) thrown at [./src/hotspot/share/interpreter/linkResolver.cpp, line 773]
Event: 3.641 Thread 0x000002cadba48000 Exception <a 'java/lang/NoSuchMethodError'{0x0000000092307b10}: 'long java.lang.invoke.DirectMethodHandle$Holder.invokeVirtual(java.lang.Object, java.lang.Object)'> (0x0000000092307b10) thrown at [./src/hotspot/share/interpreter/linkResolver.cpp, line 773]
Event: 3.646 Thread 0x000002cadba48000 Exception <a 'java/io/FileNotFoundException'{0x000000009234caa0}> (0x000000009234caa0) thrown at [./src/hotspot/share/prims/jni.cpp, line 615]

Events (20 events):
Event: 3.803 loading class org/apache/logging/log4j/message/LoggerNameAwareMessage done
Event: 3.804 loading class org/hibernate/boot/registry/BootstrapServiceRegistryBuilder
Event: 3.804 loading class org/hibernate/boot/registry/BootstrapServiceRegistryBuilder done
Event: 3.805 loading class org/hibernate/boot/registry/selector/internal/StrategySelectorBuilder
Event: 3.805 loading class org/hibernate/boot/registry/selector/internal/StrategySelectorBuilder done
Event: 3.805 loading class org/hibernate/boot/registry/classloading/internal/TcclLookupPrecedence
Event: 3.805 loading class org/hibernate/boot/registry/classloading/internal/TcclLookupPrecedence done
Event: 3.806 loading class org/hibernate/boot/registry/classloading/internal/ClassLoaderServiceImpl
Event: 3.806 loading class org/hibernate/boot/registry/classloading/internal/ClassLoaderServiceImpl done
Event: 3.806 loading class org/hibernate/boot/registry/classloading/spi/ClassLoaderService
Event: 3.806 loading class org/hibernate/boot/registry/classloading/spi/ClassLoaderService done
Event: 3.807 loading class org/hibernate/internal/CoreLogging
Event: 3.807 loading class org/hibernate/internal/CoreLogging done
Event: 3.807 loading class org/hibernate/internal/CoreMessageLogger_$logger_en_US
Event: 3.807 loading class org/hibernate/internal/CoreMessageLogger_$logger_en_US done
Event: 3.807 loading class org/hibernate/internal/CoreMessageLogger_$logger_en
Event: 3.807 loading class org/hibernate/internal/CoreMessageLogger_$logger_en done
Event: 3.807 loading class org/hibernate/internal/CoreMessageLogger_$logger
Event: 3.807 loading class org/hibernate/internal/CoreMessageLogger_$logger done
Event: 3.810 Executing VM operation: CollectForMetadataAllocation


Dynamic libraries:
0x00007ff6d85f0000 - 0x00007ff6d85fd000 	C:\Program Files\Amazon Corretto\jdk11.0.11_9\bin\java.exe
0x00007fff2f7a0000 - 0x00007fff2f9a9000 	C:\WINDOWS\SYSTEM32\ntdll.dll
0x00007fff2e1e0000 - 0x00007fff2e29d000 	C:\WINDOWS\System32\KERNEL32.DLL
0x00007fff2d0b0000 - 0x00007fff2d42b000 	C:\WINDOWS\System32\KERNELBASE.dll
0x00007fff2cea0000 - 0x00007fff2cfb1000 	C:\WINDOWS\System32\ucrtbase.dll
0x00007fff1e3c0000 - 0x00007fff1e3d9000 	C:\Program Files\Amazon Corretto\jdk11.0.11_9\bin\VCRUNTIME140.dll
0x00007fff1e220000 - 0x00007fff1e237000 	C:\Program Files\Amazon Corretto\jdk11.0.11_9\bin\jli.dll
0x00007fff2d660000 - 0x00007fff2d80d000 	C:\WINDOWS\System32\USER32.dll
0x00007fff1c120000 - 0x00007fff1c3c5000 	C:\WINDOWS\WinSxS\amd64_microsoft.windows.common-controls_6595b64144ccf1df_6.0.22000.120_none_9d947278b86cc467\COMCTL32.dll
0x00007fff2d430000 - 0x00007fff2d456000 	C:\WINDOWS\System32\win32u.dll
0x00007fff2e3b0000 - 0x00007fff2e453000 	C:\WINDOWS\System32\msvcrt.dll
0x00007fff2ea80000 - 0x00007fff2eaa9000 	C:\WINDOWS\System32\GDI32.dll
0x00007fff2d460000 - 0x00007fff2d578000 	C:\WINDOWS\System32\gdi32full.dll
0x00007fff2d580000 - 0x00007fff2d61d000 	C:\WINDOWS\System32\msvcp_win.dll
0x00007fff2d620000 - 0x00007fff2d651000 	C:\WINDOWS\System32\IMM32.DLL
0x00007ffefa920000 - 0x00007ffefa9bb000 	C:\Program Files\Amazon Corretto\jdk11.0.11_9\bin\msvcp140.dll
0x00007ffe806c0000 - 0x00007ffe8120c000 	C:\Program Files\Amazon Corretto\jdk11.0.11_9\bin\server\jvm.dll
0x00007fff2e300000 - 0x00007fff2e3ae000 	C:\WINDOWS\System32\ADVAPI32.dll
0x00007fff2d9e0000 - 0x00007fff2da7e000 	C:\WINDOWS\System32\sechost.dll
0x00007fff2f500000 - 0x00007fff2f620000 	C:\WINDOWS\System32\RPCRT4.dll
0x00007fff2d8a0000 - 0x00007fff2d8a8000 	C:\WINDOWS\System32\PSAPI.DLL
0x00007fff2a940000 - 0x00007fff2a973000 	C:\WINDOWS\SYSTEM32\WINMM.dll
0x00007fff25de0000 - 0x00007fff25dea000 	C:\WINDOWS\SYSTEM32\VERSION.dll
0x00007fff153f0000 - 0x00007fff153f9000 	C:\WINDOWS\SYSTEM32\WSOCK32.dll
0x00007fff2f6d0000 - 0x00007fff2f73f000 	C:\WINDOWS\System32\WS2_32.dll
0x00007fff2bcb0000 - 0x00007fff2bcc8000 	C:\WINDOWS\SYSTEM32\kernel.appcore.dll
0x00007fff29ba0000 - 0x00007fff29bb0000 	C:\Program Files\Amazon Corretto\jdk11.0.11_9\bin\verify.dll
0x00007fff2a710000 - 0x00007fff2a931000 	C:\WINDOWS\SYSTEM32\DBGHELP.DLL
0x00007fff2a6d0000 - 0x00007fff2a701000 	C:\WINDOWS\SYSTEM32\dbgcore.DLL
0x00007fff2cfc0000 - 0x00007fff2d03f000 	C:\WINDOWS\System32\bcryptPrimitives.dll
0x00007fff1d840000 - 0x00007fff1d868000 	C:\Program Files\Amazon Corretto\jdk11.0.11_9\bin\java.dll
0x00007fff29b00000 - 0x00007fff29b0a000 	C:\Program Files\Amazon Corretto\jdk11.0.11_9\bin\jimage.dll
0x00007fff29ac0000 - 0x00007fff29ace000 	C:\Program Files\Amazon Corretto\jdk11.0.11_9\bin\instrument.dll
0x00007fff1e200000 - 0x00007fff1e217000 	C:\Program Files\Amazon Corretto\jdk11.0.11_9\bin\zip.dll
0x00007fff2eb20000 - 0x00007fff2f2d8000 	C:\WINDOWS\System32\SHELL32.dll
0x00007fff2ad20000 - 0x00007fff2b585000 	C:\WINDOWS\SYSTEM32\windows.storage.dll
0x00007fff2e700000 - 0x00007fff2ea77000 	C:\WINDOWS\System32\combase.dll
0x00007fff2abb0000 - 0x00007fff2ad16000 	C:\WINDOWS\SYSTEM32\wintypes.dll
0x00007fff2e610000 - 0x00007fff2e6fa000 	C:\WINDOWS\System32\SHCORE.dll
0x00007fff2eab0000 - 0x00007fff2eb0d000 	C:\WINDOWS\System32\shlwapi.dll
0x00007fff2cba0000 - 0x00007fff2cbc1000 	C:\WINDOWS\SYSTEM32\profapi.dll
0x00007fff1ddb0000 - 0x00007fff1ddc9000 	C:\Program Files\Amazon Corretto\jdk11.0.11_9\bin\net.dll
0x00007fff26ba0000 - 0x00007fff26cac000 	C:\WINDOWS\SYSTEM32\WINHTTP.dll
0x00007fff2c150000 - 0x00007fff2c1b7000 	C:\WINDOWS\system32\mswsock.dll
0x00007fff1d820000 - 0x00007fff1d832000 	C:\Program Files\Amazon Corretto\jdk11.0.11_9\bin\nio.dll
0x00007fff1d4e0000 - 0x00007fff1d4fa000 	C:\Program Files\JetBrains\IntelliJ IDEA 2020.1\bin\breakgen64.dll
0x00007fff2b850000 - 0x00007fff2b938000 	C:\WINDOWS\SYSTEM32\DNSAPI.dll
0x00007fff2b820000 - 0x00007fff2b84d000 	C:\WINDOWS\SYSTEM32\IPHLPAPI.DLL
0x00007fff2d810000 - 0x00007fff2d819000 	C:\WINDOWS\System32\NSI.dll
0x00007fff239b0000 - 0x00007fff239ba000 	C:\Windows\System32\rasadhlp.dll
0x00007fff24c30000 - 0x00007fff24cb1000 	C:\WINDOWS\System32\fwpuclnt.dll
0x00007fff266d0000 - 0x00007fff266d9000 	C:\Program Files\Amazon Corretto\jdk11.0.11_9\bin\management.dll
0x00007fff1f700000 - 0x00007fff1f70b000 	C:\Program Files\Amazon Corretto\jdk11.0.11_9\bin\management_ext.dll
0x00007fff2c370000 - 0x00007fff2c388000 	C:\WINDOWS\SYSTEM32\CRYPTSP.dll
0x00007fff2bc10000 - 0x00007fff2bc45000 	C:\WINDOWS\system32\rsaenh.dll
0x00007fff2c210000 - 0x00007fff2c239000 	C:\WINDOWS\SYSTEM32\USERENV.dll
0x00007fff2c5d0000 - 0x00007fff2c5f7000 	C:\WINDOWS\SYSTEM32\bcrypt.dll
0x00007fff2c390000 - 0x00007fff2c39c000 	C:\WINDOWS\SYSTEM32\CRYPTBASE.dll
0x00007fff26aa0000 - 0x00007fff26ab9000 	C:\WINDOWS\SYSTEM32\dhcpcsvc6.DLL
0x00007fff271e0000 - 0x00007fff271fe000 	C:\WINDOWS\SYSTEM32\dhcpcsvc.DLL
0x00007fff10e90000 - 0x00007fff10ea7000 	C:\WINDOWS\system32\napinsp.dll
0x00007fff10ad0000 - 0x00007fff10aeb000 	C:\WINDOWS\system32\pnrpnsp.dll
0x00007fff10900000 - 0x00007fff10912000 	C:\WINDOWS\System32\winrnr.dll
0x00007fff25df0000 - 0x00007fff25e05000 	C:\WINDOWS\system32\wshbth.dll
0x00007fff108e0000 - 0x00007fff108ff000 	C:\WINDOWS\system32\nlansp_c.dll
0x00007fff1b2f0000 - 0x00007fff1b315000 	C:\Program Files\Amazon Corretto\jdk11.0.11_9\bin\sunec.dll
0x00007fff1e3b0000 - 0x00007fff1e3be000 	C:\Program Files\Amazon Corretto\jdk11.0.11_9\bin\sunmscapi.dll
0x00007fff2cd30000 - 0x00007fff2ce92000 	C:\WINDOWS\System32\CRYPT32.dll
0x00007fff2c5a0000 - 0x00007fff2c5c8000 	C:\WINDOWS\SYSTEM32\ncrypt.dll
0x00007fff2c560000 - 0x00007fff2c597000 	C:\WINDOWS\SYSTEM32\NTASN1.dll

dbghelp: loaded successfully - version: 4.0.5 - missing functions: none
symbol engine: initialized successfully - sym options: 0x614 - pdb path: .;C:\Program Files\Amazon Corretto\jdk11.0.11_9\bin;C:\WINDOWS\SYSTEM32;C:\WINDOWS\WinSxS\amd64_microsoft.windows.common-controls_6595b64144ccf1df_6.0.22000.120_none_9d947278b86cc467;C:\Program Files\Amazon Corretto\jdk11.0.11_9\bin\server;C:\Program Files\JetBrains\IntelliJ IDEA 2020.1\bin

VM Arguments:
jvm_args: -XX:TieredStopAtLevel=1 -Xverify:none -Dspring.output.ansi.enabled=always -Dcom.sun.management.jmxremote -Dspring.jmx.enabled=true -Dspring.liveBeansView.mbeanDomain -Dspring.application.admin.enabled=true -javaagent:C:\Program Files\JetBrains\IntelliJ IDEA 2020.1\lib\idea_rt.jar=62586:C:\Program Files\JetBrains\IntelliJ IDEA 2020.1\bin -Dfile.encoding=UTF-8 
java_command: com.shopme.ShopmeBackendApplication
java_class_path (initial): C:\Users\LongTran\Documents\Shopme-Ecommerce\ShopmeWebParent\ShopmeBackend\target\classes;C:\Users\LongTran\Documents\Shopme-Ecommerce\ShopmeCommon\target\classes;C:\Users\LongTran\.m2\repository\org\springframework\boot\spring-boot-starter-data-jpa\2.7.5\spring-boot-starter-data-jpa-2.7.5.jar;C:\Users\LongTran\.m2\repository\org\springframework\boot\spring-boot-starter-aop\2.7.5\spring-boot-starter-aop-2.7.5.jar;C:\Users\LongTran\.m2\repository\org\springframework\spring-aop\5.3.23\spring-aop-5.3.23.jar;C:\Users\LongTran\.m2\repository\org\aspectj\aspectjweaver\1.9.7\aspectjweaver-1.9.7.jar;C:\Users\LongTran\.m2\repository\org\springframework\boot\spring-boot-starter-jdbc\2.7.5\spring-boot-starter-jdbc-2.7.5.jar;C:\Users\LongTran\.m2\repository\com\zaxxer\HikariCP\4.0.3\HikariCP-4.0.3.jar;C:\Users\LongTran\.m2\repository\org\springframework\spring-jdbc\5.3.23\spring-jdbc-5.3.23.jar;C:\Users\LongTran\.m2\repository\jakarta\transaction\jakarta.transaction-api\1.3.3\jakarta.transaction-api-1.3.3.jar;C:\Users\LongTran\.m2\repository\jakarta\persistence\jakarta.persistence-api\2.2.3\jakarta.persistence-api-2.2.3.jar;C:\Users\LongTran\.m2\repository\org\hibernate\hibernate-core\5.6.12.Final\hibernate-core-5.6.12.Final.jar;C:\Users\LongTran\.m2\repository\org\jboss\logging\jboss-logging\3.4.3.Final\jboss-logging-3.4.3.Final.jar;C:\Users\LongTran\.m2\repository\net\bytebuddy\byte-buddy\1.12.18\byte-buddy-1.12.18.jar;C:\Users\LongTran\.m2\repository\antlr\antlr\2.7.7\antlr-2.7.7.jar;C:\Users\LongTran\.m2\repository\org\jboss\jandex\2.4.2.Final\jandex-2.4.2.Final.jar;C:\Users\LongTran\.m2\repository\com\fasterxml\classmate\1.5.1\classmate-1.5.1.jar;C:\Users\LongTran\.m2\repository\org\hibernate\common\hibernate-commons-annotations\5.1.2.Final\hibernate-commons-annotations-5.1.2.Final.jar;C:\Users\LongTran\.m2\repository\org\glassfish\jaxb\jaxb-runtime\2.3.7\jaxb-runtime-2.3.7.jar;C:\Users\LongTran\.m2\repository\org\glassfish\jaxb\txw2\2.3.7\txw2
Launcher Type: SUN_STANDARD

[Global flags]
     bool BytecodeVerificationLocal                = false                                     {product} {command line}
     bool BytecodeVerificationRemote               = false                                     {product} {command line}
     intx CICompilerCount                          = 4                                         {product} {ergonomic}
     uint ConcGCThreads                            = 3                                         {product} {ergonomic}
     uint G1ConcRefinementThreads                  = 10                                        {product} {ergonomic}
   size_t G1HeapRegionSize                         = 1048576                                   {product} {ergonomic}
    uintx GCDrainStackTargetSize                   = 64                                        {product} {ergonomic}
   size_t InitialHeapSize                          = 125829120                                 {product} {ergonomic}
     bool ManagementServer                         = true                                      {product} {command line}
   size_t MarkStackSize                            = 4194304                                   {product} {ergonomic}
   size_t MaxHeapSize                              = 1992294400                                {product} {ergonomic}
   size_t MaxNewSize                               = 1195376640                                {product} {ergonomic}
   size_t MinHeapDeltaBytes                        = 1048576                                   {product} {ergonomic}
    uintx NonNMethodCodeHeapSize                   = 7549744                                {pd product} {ergonomic}
    uintx NonProfiledCodeHeapSize                  = 244108496                              {pd product} {ergonomic}
    uintx ProfiledCodeHeapSize                     = 0                                      {pd product} {ergonomic}
    uintx ReservedCodeCacheSize                    = 251658240                              {pd product} {ergonomic}
     bool SegmentedCodeCache                       = true                                      {product} {ergonomic}
     intx TieredStopAtLevel                        = 1                                         {product} {command line}
     bool UseCompressedClassPointers               = true                                 {lp64_product} {ergonomic}
     bool UseCompressedOops                        = true                                 {lp64_product} {ergonomic}
     bool UseG1GC                                  = true                                      {product} {ergonomic}
     bool UseLargePagesIndividualAllocation        = false                                  {pd product} {ergonomic}

Logging:
Log output configuration:
 #0: stdout all=warning uptime,level,tags
 #1: stderr all=off uptime,level,tags

Environment Variables:
JAVA_HOME=C:\Program Files\Amazon Corretto\jdk11.0.11_9
PATH=C:\Python39\Scripts\;C:\Python39\;C:\Program Files\Amazon Corretto\jdk11.0.11_9\bin;C:\Program Files\Common Files\Oracle\Java\javapath;C:\Program Files (x86)\Common Files\Oracle\Java\javapath;C:\Program Files\AdoptOpenJDK\jdk-11.0.11.9-hotspot\bin;C:\Windows\system32;C:\Windows;C:\Windows\System32\Wbem;C:\Windows\System32\WindowsPowerShell\v1.0\;C:\Windows\System32\OpenSSH\;C:\Program Files (x86)\NVIDIA Corporation\PhysX\Common;C:\Program Files\NVIDIA Corporation\NVIDIA NvDLISR;C:\WINDOWS\system32;C:\WINDOWS;C:\WINDOWS\System32\Wbem;C:\WINDOWS\System32\WindowsPowerShell\v1.0\;C:\WINDOWS\System32\OpenSSH\;C:\Program Files\Git\cmd;C:\Program Files\SourceGear\Common\DiffMerge\;C:\Program Files\Amazon\AWSCLIV2\;C:\ProgramData\chocolatey\bin;C:\Program Files\Docker\Docker\resources\bin;C:\ProgramData\DockerDesktop\version-bin;C:\Program Files\Microsoft SQL Server\150\Tools\Binn\;C:\Program Files\Microsoft SQL Server\Client SDK\ODBC\170\Tools\Binn\;C:\Program Files\dotnet\;%NVM_HOME%;%NVM_SYMLINK%;C:\WINDOWS\system32;C:\WINDOWS;C:\WINDOWS\System32\Wbem;C:\WINDOWS\System32\WindowsPowerShell\v1.0\;C:\WINDOWS\System32\OpenSSH\;C:\Program Files\MySQL\MySQL Shell 8.0\bin\;C:\Users\LongTran\AppData\Local\Microsoft\WindowsApps;C:\Users\LongTran\AppData\Local\GitHubDesktop\bin;C:\Users\LongTran\AppData\Local\Programs\Microsoft VS Code\bin;C:\Users\LongTran\AppData\Roaming\npm;C:\kafka_2.12-2.8.1\bin\windows;C:\Users\LongTran\AppData\Local\Programs\Python\Python38\Scripts;C:\Users\LongTran\.dotnet\tools;C:\Users\LongTran\AppData\Roaming\nvm;C:\Program Files\nodejs;
USERNAME=LongTran
OS=Windows_NT
PROCESSOR_IDENTIFIER=AMD64 Family 23 Model 96 Stepping 1, AuthenticAMD



---------------  S Y S T E M  ---------------

OS: Windows 10 , 64 bit Build 22000 (10.0.22000.708)
OS uptime: 6 days 18:42 hours
Hyper-V role detected

CPU:total 12 (initial active 12) (12 cores per cpu, 2 threads per core) family 23 model 96 stepping 1 microcode 0x0, cmov, cx8, fxsr, mmx, sse, sse2, sse3, ssse3, sse4.1, sse4.2, popcnt, avx, avx2, aes, clmul, mmxext, 3dnowpref, lzcnt, sse4a, ht, tsc, tscinvbit, tscinv, bmi1, bmi2, adx, 

Memory: 4k page, system-wide physical 7597M (455M free)
TotalPageFile size 31149M (AvailPageFile size 4M)
current process WorkingSet (physical memory assigned to process): 207M, peak: 207M
current process commit charge ("private bytes"): 284M, peak: 285M

vm_info: OpenJDK 64-Bit Server VM (11.0.11+9-LTS) for windows-amd64 JRE (11.0.11+9-LTS), built on Apr 14 2021 00:00:20 by "Administrator" with MS VC++ 15.9 (VS2017)

END.
